D:\PROJECTS\UVENGINE\SDL\VISUALC-WINPHONE\SDL\ARM\DEBUG\SDL_TOUCH.OBJ
D:\PROJECTS\UVENGINE\SDL\VISUALC-WINPHONE\SDL\ARM\DEBUG\SDL_QUIT.OBJ
D:\PROJECTS\UVENGINE\SDL\VISUALC-WINPHONE\SDL\ARM\DEBUG\SDL_MOUSE.OBJ
D:\PROJECTS\UVENGINE\SDL\VISUALC-WINPHONE\SDL\ARM\DEBUG\SDL_KEYBOARD.OBJ
D:\PROJECTS\UVENGINE\SDL\VISUALC-WINPHONE\SDL\ARM\DEBUG\SDL_GESTURE.OBJ
D:\PROJECTS\UVENGINE\SDL\VISUALC-WINPHONE\SDL\ARM\DEBUG\SDL_EVENTS.OBJ
D:\PROJECTS\UVENGINE\SDL\VISUALC-WINPHONE\SDL\ARM\DEBUG\SDL_DROPEVENTS.OBJ
D:\PROJECTS\UVENGINE\SDL\VISUALC-WINPHONE\SDL\ARM\DEBUG\SDL_CLIPBOARDEVENTS.OBJ
D:\PROJECTS\UVENGINE\SDL\VISUALC-WINPHONE\SDL\ARM\DEBUG\SDL_CPUINFO.OBJ
D:\PROJECTS\UVENGINE\SDL\VISUALC-WINPHONE\SDL\ARM\DEBUG\SDL_WINDOWS.OBJ
D:\PROJECTS\UVENGINE\SDL\VISUALC-WINPHONE\SDL\ARM\DEBUG\SDL_WAVE.OBJ
D:\PROJECTS\UVENGINE\SDL\VISUALC-WINPHONE\SDL\ARM\DEBUG\SDL_MIXER.OBJ
D:\PROJECTS\UVENGINE\SDL\VISUALC-WINPHONE\SDL\ARM\DEBUG\SDL_AUDIOTYPECVT.OBJ
D:\PROJECTS\UVENGINE\SDL\VISUALC-WINPHONE\SDL\ARM\DEBUG\SDL_AUDIODEV.OBJ
D:\PROJECTS\UVENGINE\SDL\VISUALC-WINPHONE\SDL\ARM\DEBUG\SDL_AUDIOCVT.OBJ
D:\PROJECTS\UVENGINE\SDL\VISUALC-WINPHONE\SDL\ARM\DEBUG\SDL_AUDIO.OBJ
D:\PROJECTS\UVENGINE\SDL\VISUALC-WINPHONE\SDL\ARM\DEBUG\SDL_DUMMYAUDIO.OBJ
D:\PROJECTS\UVENGINE\SDL\VISUALC-WINPHONE\SDL\ARM\DEBUG\SDL_DISKAUDIO.OBJ
D:\PROJECTS\UVENGINE\SDL\VISUALC-WINPHONE\SDL\ARM\DEBUG\SDL_SPINLOCK.OBJ
D:\PROJECTS\UVENGINE\SDL\VISUALC-WINPHONE\SDL\ARM\DEBUG\SDL_ATOMIC.OBJ
D:\PROJECTS\UVENGINE\SDL\VISUALC-WINPHONE\SDL\ARM\DEBUG\SDL_ASSERT.OBJ
D:\PROJECTS\UVENGINE\SDL\VISUALC-WINPHONE\SDL\ARM\DEBUG\SDL.OBJ
D:\PROJECTS\UVENGINE\SDL\VISUALC-WINPHONE\SDL\ARM\DEBUG\SDL_ROTATE.OBJ
D:\PROJECTS\UVENGINE\SDL\VISUALC-WINPHONE\SDL\ARM\DEBUG\SDL_RENDER_SW.OBJ
D:\PROJECTS\UVENGINE\SDL\VISUALC-WINPHONE\SDL\ARM\DEBUG\SDL_DRAWPOINT.OBJ
D:\PROJECTS\UVENGINE\SDL\VISUALC-WINPHONE\SDL\ARM\DEBUG\SDL_DRAWLINE.OBJ
D:\PROJECTS\UVENGINE\SDL\VISUALC-WINPHONE\SDL\ARM\DEBUG\SDL_BLENDPOINT.OBJ
D:\PROJECTS\UVENGINE\SDL\VISUALC-WINPHONE\SDL\ARM\DEBUG\SDL_BLENDLINE.OBJ
D:\PROJECTS\UVENGINE\SDL\VISUALC-WINPHONE\SDL\ARM\DEBUG\SDL_BLENDFILLRECT.OBJ
D:\PROJECTS\UVENGINE\SDL\VISUALC-WINPHONE\SDL\ARM\DEBUG\SDL_YUV_SW.OBJ
D:\PROJECTS\UVENGINE\SDL\VISUALC-WINPHONE\SDL\ARM\DEBUG\SDL_YUV_MMX.OBJ
D:\PROJECTS\UVENGINE\SDL\VISUALC-WINPHONE\SDL\ARM\DEBUG\SDL_RENDER.OBJ
D:\PROJECTS\UVENGINE\SDL\VISUALC-WINPHONE\SDL\ARM\DEBUG\SDL_SYSLOADSO.OBJ
D:\PROJECTS\UVENGINE\SDL\VISUALC-WINPHONE\SDL\ARM\DEBUG\SDL_JOYSTICK.OBJ
D:\PROJECTS\UVENGINE\SDL\VISUALC-WINPHONE\SDL\ARM\DEBUG\SDL_GAMECONTROLLER.OBJ
D:\PROJECTS\UVENGINE\SDL\VISUALC-WINPHONE\SDL\ARM\DEBUG\SDL_SYSJOYSTICK.OBJ
D:\PROJECTS\UVENGINE\SDL\VISUALC-WINPHONE\SDL\ARM\DEBUG\SDL_HAPTIC.OBJ
D:\PROJECTS\UVENGINE\SDL\VISUALC-WINPHONE\SDL\ARM\DEBUG\SDL_SYSHAPTIC.OBJ
D:\PROJECTS\UVENGINE\SDL\VISUALC-WINPHONE\SDL\ARM\DEBUG\SDL_RWOPS.OBJ
D:\PROJECTS\UVENGINE\SDL\VISUALC-WINPHONE\SDL\ARM\DEBUG\SDL_WINDOWEVENTS.OBJ
D:\PROJECTS\UVENGINE\SDL\VISUALC-WINPHONE\SDL\ARM\DEBUG\SDL_BLIT_A.OBJ
D:\PROJECTS\UVENGINE\SDL\VISUALC-WINPHONE\SDL\ARM\DEBUG\SDL_BLIT_1.OBJ
D:\PROJECTS\UVENGINE\SDL\VISUALC-WINPHONE\SDL\ARM\DEBUG\SDL_BLIT_0.OBJ
D:\PROJECTS\UVENGINE\SDL\VISUALC-WINPHONE\SDL\ARM\DEBUG\SDL_BLIT.OBJ
D:\PROJECTS\UVENGINE\SDL\VISUALC-WINPHONE\SDL\ARM\DEBUG\SDL_NULLVIDEO.OBJ
D:\PROJECTS\UVENGINE\SDL\VISUALC-WINPHONE\SDL\ARM\DEBUG\SDL_NULLFRAMEBUFFER.OBJ
D:\PROJECTS\UVENGINE\SDL\VISUALC-WINPHONE\SDL\ARM\DEBUG\SDL_NULLEVENTS.OBJ
D:\PROJECTS\UVENGINE\SDL\VISUALC-WINPHONE\SDL\ARM\DEBUG\SDL_SYSTIMER.OBJ
D:\PROJECTS\UVENGINE\SDL\VISUALC-WINPHONE\SDL\ARM\DEBUG\SDL_TIMER.OBJ
D:\PROJECTS\UVENGINE\SDL\VISUALC-WINPHONE\SDL\ARM\DEBUG\SDL_THREAD.OBJ
D:\PROJECTS\UVENGINE\SDL\VISUALC-WINPHONE\SDL\ARM\DEBUG\SDL_SYSSEM.OBJ
D:\PROJECTS\UVENGINE\SDL\VISUALC-WINPHONE\SDL\ARM\DEBUG\SDL_STRING.OBJ
D:\PROJECTS\UVENGINE\SDL\VISUALC-WINPHONE\SDL\ARM\DEBUG\SDL_STDLIB.OBJ
D:\PROJECTS\UVENGINE\SDL\VISUALC-WINPHONE\SDL\ARM\DEBUG\SDL_QSORT.OBJ
D:\PROJECTS\UVENGINE\SDL\VISUALC-WINPHONE\SDL\ARM\DEBUG\SDL_ICONV.OBJ
D:\PROJECTS\UVENGINE\SDL\VISUALC-WINPHONE\SDL\ARM\DEBUG\SDL_GETENV.OBJ
D:\PROJECTS\UVENGINE\SDL\VISUALC-WINPHONE\SDL\ARM\DEBUG\SDL_LOG.OBJ
D:\PROJECTS\UVENGINE\SDL\VISUALC-WINPHONE\SDL\ARM\DEBUG\SDL_HINTS.OBJ
D:\PROJECTS\UVENGINE\SDL\VISUALC-WINPHONE\SDL\ARM\DEBUG\SDL_FATAL.OBJ
D:\PROJECTS\UVENGINE\SDL\VISUALC-WINPHONE\SDL\ARM\DEBUG\SDL_ERROR.OBJ
D:\PROJECTS\UVENGINE\SDL\VISUALC-WINPHONE\SDL\ARM\DEBUG\SDL_VIDEO.OBJ
D:\PROJECTS\UVENGINE\SDL\VISUALC-WINPHONE\SDL\ARM\DEBUG\SDL_SURFACE.OBJ
D:\PROJECTS\UVENGINE\SDL\VISUALC-WINPHONE\SDL\ARM\DEBUG\SDL_STRETCH.OBJ
D:\PROJECTS\UVENGINE\SDL\VISUALC-WINPHONE\SDL\ARM\DEBUG\SDL_SHAPE.OBJ
D:\PROJECTS\UVENGINE\SDL\VISUALC-WINPHONE\SDL\ARM\DEBUG\SDL_RLEACCEL.OBJ
D:\PROJECTS\UVENGINE\SDL\VISUALC-WINPHONE\SDL\ARM\DEBUG\SDL_RECT.OBJ
D:\PROJECTS\UVENGINE\SDL\VISUALC-WINPHONE\SDL\ARM\DEBUG\SDL_PIXELS.OBJ
D:\PROJECTS\UVENGINE\SDL\VISUALC-WINPHONE\SDL\ARM\DEBUG\SDL_FILLRECT.OBJ
D:\PROJECTS\UVENGINE\SDL\VISUALC-WINPHONE\SDL\ARM\DEBUG\SDL_CLIPBOARD.OBJ
D:\PROJECTS\UVENGINE\SDL\VISUALC-WINPHONE\SDL\ARM\DEBUG\SDL_BMP.OBJ
D:\PROJECTS\UVENGINE\SDL\VISUALC-WINPHONE\SDL\ARM\DEBUG\SDL_BLIT_SLOW.OBJ
D:\PROJECTS\UVENGINE\SDL\VISUALC-WINPHONE\SDL\ARM\DEBUG\SDL_BLIT_N.OBJ
D:\PROJECTS\UVENGINE\SDL\VISUALC-WINPHONE\SDL\ARM\DEBUG\SDL_BLIT_COPY.OBJ
D:\PROJECTS\UVENGINE\SDL\VISUALC-WINPHONE\SDL\ARM\DEBUG\SDL_BLIT_AUTO.OBJ
D:\PROJECTS\UVENGINE\SDL\VISUALC-WINPHONE\SDL\ARM\DEBUG\VC110.PDB
D:\PROJECTS\UVENGINE\SDL\VISUALC-WINPHONE\SDL\ARM\DEBUG\SDL_WINPHONE_VIDEODATACPP.OBJ
D:\PROJECTS\UVENGINE\SDL\VISUALC-WINPHONE\SDL\ARM\DEBUG\SDL_WINPHONEEVENTS.OBJ
D:\PROJECTS\UVENGINE\SDL\VISUALC-WINPHONE\SDL\ARM\DEBUG\SDL_SYSTHREAD.OBJ
D:\PROJECTS\UVENGINE\SDL\VISUALC-WINPHONE\SDL\ARM\DEBUG\SDL_SYSMUTEX.OBJ
D:\PROJECTS\UVENGINE\SDL\VISUALC-WINPHONE\SDL\ARM\DEBUG\SDL_SYSCOND.OBJ
D:\PROJECTS\UVENGINE\SDL\VISUALC-WINPHONE\SDL\ARM\DEBUG\SDL_XAUDIO2.OBJ
D:\PROJECTS\UVENGINE\SDL\VISUALC-WINPHONE\SDL\ARM\DEBUG\SDL_WINRTAPP.OBJ
D:\PROJECTS\UVENGINE\SDL\VISUALC-WINPHONE\SDL\ARM\DEBUG\SDL_WINPHONEVIDEO.OBJ
D:\PROJECTS\UVENGINE\SDL\VISUALC-WINPHONE\SDL\ARM\DEBUG\DIRECT3DBASE.OBJ
D:\PROJECTS\UVENGINE\SDL\VISUALC-WINPHONE\SDL\ARM\DEBUG\SDL_RENDER_D3D11.OBJ
D:\PROJECTS\UVENGINE\SDL\VISUALC-WINPHONE\SDL\ARM\DEBUG\SDL_WINRTPATHS.OBJ
D:\PROJECTS\UVENGINE\SDL\VISUALC-WINPHONE\SDL\ARM\DEBUG\SDL_XAUDIO2_WINRTHELPERS.OBJ
D:\PROJECTS\UVENGINE\ARM\DEBUG\SDL_VS2012-WINPHONE\SDL_D3D11_PIXELSHADER_FIXEDCOLOR.CSO
D:\PROJECTS\UVENGINE\ARM\DEBUG\SDL_VS2012-WINPHONE\SDL_D3D11_PIXELSHADER_TEXTURECOLORED.CSO
D:\PROJECTS\UVENGINE\ARM\DEBUG\SDL_VS2012-WINPHONE\SDL_D3D11_VERTEXSHADER_DEFAULT.CSO
D:\PROJECTS\UVENGINE\ARM\DEBUG\SDL_VS2012-WINPHONE\SDL-WINPHONE.ILK
D:\PROJECTS\UVENGINE\ARM\DEBUG\SDL_VS2012-WINPHONE\SDL-WINPHONE.DLL
D:\PROJECTS\UVENGINE\ARM\DEBUG\SDL_VS2012-WINPHONE\SDL-WINPHONE.PDB
D:\Projects\UVEngine\ARM\Debug\SDL_VS2012-WinPhone\SDL_D3D11_PixelShader_FixedColor.cso
D:\Projects\UVEngine\ARM\Debug\SDL_VS2012-WinPhone\SDL_D3D11_PixelShader_TextureColored.cso
D:\Projects\UVEngine\ARM\Debug\SDL_VS2012-WinPhone\SDL_D3D11_VertexShader_Default.cso
D:\Projects\UVEngine\ARM\Debug\SDL_VS2012-WinPhone\SDL-WinPhone.lib
D:\Projects\UVEngine\ARM\Debug\SDL_VS2012-WinPhone\SDL-WinPhone.exp
D:\Projects\UVEngine\SDL\VisualC-WinPhone\SDL\ARM\Debug\SDL_VS2012-WinPhone.vcxprojResolveAssemblyReference.cache
D:\Projects\UVEngine\SDL\VisualC-WinPhone\SDL\ARM\Debug\Direct3DBase.obj
D:\Projects\UVEngine\SDL\VisualC-WinPhone\SDL\ARM\Debug\SDL.obj
D:\Projects\UVEngine\SDL\VisualC-WinPhone\SDL\ARM\Debug\SDL_assert.obj
D:\Projects\UVEngine\SDL\VisualC-WinPhone\SDL\ARM\Debug\SDL_atomic.obj
D:\Projects\UVEngine\SDL\VisualC-WinPhone\SDL\ARM\Debug\SDL_audio.obj
D:\Projects\UVEngine\SDL\VisualC-WinPhone\SDL\ARM\Debug\SDL_audiocvt.obj
D:\Projects\UVEngine\SDL\VisualC-WinPhone\SDL\ARM\Debug\SDL_audiodev.obj
D:\Projects\UVEngine\SDL\VisualC-WinPhone\SDL\ARM\Debug\SDL_audiotypecvt.obj
D:\Projects\UVEngine\SDL\VisualC-WinPhone\SDL\ARM\Debug\SDL_blendfillrect.obj
D:\Projects\UVEngine\SDL\VisualC-WinPhone\SDL\ARM\Debug\SDL_blendline.obj
D:\Projects\UVEngine\SDL\VisualC-WinPhone\SDL\ARM\Debug\SDL_blendpoint.obj
D:\Projects\UVEngine\SDL\VisualC-WinPhone\SDL\ARM\Debug\SDL_blit.obj
D:\Projects\UVEngine\SDL\VisualC-WinPhone\SDL\ARM\Debug\SDL_blit_0.obj
D:\Projects\UVEngine\SDL\VisualC-WinPhone\SDL\ARM\Debug\SDL_blit_1.obj
D:\Projects\UVEngine\SDL\VisualC-WinPhone\SDL\ARM\Debug\SDL_blit_A.obj
D:\Projects\UVEngine\SDL\VisualC-WinPhone\SDL\ARM\Debug\SDL_blit_auto.obj
D:\Projects\UVEngine\SDL\VisualC-WinPhone\SDL\ARM\Debug\SDL_blit_copy.obj
D:\Projects\UVEngine\SDL\VisualC-WinPhone\SDL\ARM\Debug\SDL_blit_N.obj
D:\Projects\UVEngine\SDL\VisualC-WinPhone\SDL\ARM\Debug\SDL_blit_slow.obj
D:\Projects\UVEngine\SDL\VisualC-WinPhone\SDL\ARM\Debug\SDL_bmp.obj
D:\Projects\UVEngine\SDL\VisualC-WinPhone\SDL\ARM\Debug\SDL_clipboard.obj
D:\Projects\UVEngine\SDL\VisualC-WinPhone\SDL\ARM\Debug\SDL_clipboardevents.obj
D:\Projects\UVEngine\SDL\VisualC-WinPhone\SDL\ARM\Debug\SDL_cpuinfo.obj
D:\Projects\UVEngine\SDL\VisualC-WinPhone\SDL\ARM\Debug\SDL_diskaudio.obj
D:\Projects\UVEngine\SDL\VisualC-WinPhone\SDL\ARM\Debug\SDL_drawline.obj
D:\Projects\UVEngine\SDL\VisualC-WinPhone\SDL\ARM\Debug\SDL_drawpoint.obj
D:\Projects\UVEngine\SDL\VisualC-WinPhone\SDL\ARM\Debug\SDL_dropevents.obj
D:\Projects\UVEngine\SDL\VisualC-WinPhone\SDL\ARM\Debug\SDL_dummyaudio.obj
D:\Projects\UVEngine\SDL\VisualC-WinPhone\SDL\ARM\Debug\SDL_error.obj
D:\Projects\UVEngine\SDL\VisualC-WinPhone\SDL\ARM\Debug\SDL_events.obj
D:\Projects\UVEngine\SDL\VisualC-WinPhone\SDL\ARM\Debug\SDL_fatal.obj
D:\Projects\UVEngine\SDL\VisualC-WinPhone\SDL\ARM\Debug\SDL_fillrect.obj
D:\Projects\UVEngine\SDL\VisualC-WinPhone\SDL\ARM\Debug\SDL_gamecontroller.obj
D:\Projects\UVEngine\SDL\VisualC-WinPhone\SDL\ARM\Debug\SDL_gesture.obj
D:\Projects\UVEngine\SDL\VisualC-WinPhone\SDL\ARM\Debug\SDL_getenv.obj
D:\Projects\UVEngine\SDL\VisualC-WinPhone\SDL\ARM\Debug\SDL_haptic.obj
D:\Projects\UVEngine\SDL\VisualC-WinPhone\SDL\ARM\Debug\SDL_hints.obj
D:\Projects\UVEngine\SDL\VisualC-WinPhone\SDL\ARM\Debug\SDL_iconv.obj
D:\Projects\UVEngine\SDL\VisualC-WinPhone\SDL\ARM\Debug\SDL_joystick.obj
D:\Projects\UVEngine\SDL\VisualC-WinPhone\SDL\ARM\Debug\SDL_keyboard.obj
D:\Projects\UVEngine\SDL\VisualC-WinPhone\SDL\ARM\Debug\SDL_log.obj
D:\Projects\UVEngine\SDL\VisualC-WinPhone\SDL\ARM\Debug\SDL_mixer.obj
D:\Projects\UVEngine\SDL\VisualC-WinPhone\SDL\ARM\Debug\SDL_mouse.obj
D:\Projects\UVEngine\SDL\VisualC-WinPhone\SDL\ARM\Debug\SDL_nullevents.obj
D:\Projects\UVEngine\SDL\VisualC-WinPhone\SDL\ARM\Debug\SDL_nullframebuffer.obj
D:\Projects\UVEngine\SDL\VisualC-WinPhone\SDL\ARM\Debug\SDL_nullvideo.obj
D:\Projects\UVEngine\SDL\VisualC-WinPhone\SDL\ARM\Debug\SDL_pixels.obj
D:\Projects\UVEngine\SDL\VisualC-WinPhone\SDL\ARM\Debug\SDL_qsort.obj
D:\Projects\UVEngine\SDL\VisualC-WinPhone\SDL\ARM\Debug\SDL_quit.obj
D:\Projects\UVEngine\SDL\VisualC-WinPhone\SDL\ARM\Debug\SDL_rect.obj
D:\Projects\UVEngine\SDL\VisualC-WinPhone\SDL\ARM\Debug\SDL_render.obj
D:\Projects\UVEngine\SDL\VisualC-WinPhone\SDL\ARM\Debug\SDL_render_d3d11.obj
D:\Projects\UVEngine\SDL\VisualC-WinPhone\SDL\ARM\Debug\SDL_render_sw.obj
D:\Projects\UVEngine\SDL\VisualC-WinPhone\SDL\ARM\Debug\SDL_RLEaccel.obj
D:\Projects\UVEngine\SDL\VisualC-WinPhone\SDL\ARM\Debug\SDL_rotate.obj
D:\Projects\UVEngine\SDL\VisualC-WinPhone\SDL\ARM\Debug\SDL_rwops.obj
D:\Projects\UVEngine\SDL\VisualC-WinPhone\SDL\ARM\Debug\SDL_shape.obj
D:\Projects\UVEngine\SDL\VisualC-WinPhone\SDL\ARM\Debug\SDL_spinlock.obj
D:\Projects\UVEngine\SDL\VisualC-WinPhone\SDL\ARM\Debug\SDL_stdlib.obj
D:\Projects\UVEngine\SDL\VisualC-WinPhone\SDL\ARM\Debug\SDL_stretch.obj
D:\Projects\UVEngine\SDL\VisualC-WinPhone\SDL\ARM\Debug\SDL_string.obj
D:\Projects\UVEngine\SDL\VisualC-WinPhone\SDL\ARM\Debug\SDL_surface.obj
D:\Projects\UVEngine\SDL\VisualC-WinPhone\SDL\ARM\Debug\SDL_syscond.obj
D:\Projects\UVEngine\SDL\VisualC-WinPhone\SDL\ARM\Debug\SDL_syshaptic.obj
D:\Projects\UVEngine\SDL\VisualC-WinPhone\SDL\ARM\Debug\SDL_sysjoystick.obj
D:\Projects\UVEngine\SDL\VisualC-WinPhone\SDL\ARM\Debug\SDL_sysloadso.obj
D:\Projects\UVEngine\SDL\VisualC-WinPhone\SDL\ARM\Debug\SDL_sysmutex.obj
D:\Projects\UVEngine\SDL\VisualC-WinPhone\SDL\ARM\Debug\SDL_syssem.obj
D:\Projects\UVEngine\SDL\VisualC-WinPhone\SDL\ARM\Debug\SDL_systhread.obj
D:\Projects\UVEngine\SDL\VisualC-WinPhone\SDL\ARM\Debug\SDL_systimer.obj
D:\Projects\UVEngine\SDL\VisualC-WinPhone\SDL\ARM\Debug\SDL_thread.obj
D:\Projects\UVEngine\SDL\VisualC-WinPhone\SDL\ARM\Debug\SDL_timer.obj
D:\Projects\UVEngine\SDL\VisualC-WinPhone\SDL\ARM\Debug\SDL_touch.obj
D:\Projects\UVEngine\SDL\VisualC-WinPhone\SDL\ARM\Debug\SDL_video.obj
D:\Projects\UVEngine\SDL\VisualC-WinPhone\SDL\ARM\Debug\SDL_wave.obj
D:\Projects\UVEngine\SDL\VisualC-WinPhone\SDL\ARM\Debug\SDL_windowevents.obj
D:\Projects\UVEngine\SDL\VisualC-WinPhone\SDL\ARM\Debug\SDL_windows.obj
D:\Projects\UVEngine\SDL\VisualC-WinPhone\SDL\ARM\Debug\SDL_winphoneevents.obj
D:\Projects\UVEngine\SDL\VisualC-WinPhone\SDL\ARM\Debug\SDL_winphonevideo.obj
D:\Projects\UVEngine\SDL\VisualC-WinPhone\SDL\ARM\Debug\SDL_winphone_videodatacpp.obj
D:\Projects\UVEngine\SDL\VisualC-WinPhone\SDL\ARM\Debug\SDL_WinRTApp.obj
D:\Projects\UVEngine\SDL\VisualC-WinPhone\SDL\ARM\Debug\SDL_winrtpaths.obj
D:\Projects\UVEngine\SDL\VisualC-WinPhone\SDL\ARM\Debug\SDL_xaudio2.obj
D:\Projects\UVEngine\SDL\VisualC-WinPhone\SDL\ARM\Debug\SDL_xaudio2_winrthelpers.obj
D:\Projects\UVEngine\SDL\VisualC-WinPhone\SDL\ARM\Debug\SDL_yuv_mmx.obj
D:\Projects\UVEngine\SDL\VisualC-WinPhone\SDL\ARM\Debug\SDL_yuv_sw.obj
D:\Projects\UVEngine\SDL\VisualC-WinPhone\SDL\ARM\Debug\cl.command.1.tlog
D:\Projects\UVEngine\SDL\VisualC-WinPhone\SDL\ARM\Debug\CL.read.1.tlog
D:\Projects\UVEngine\SDL\VisualC-WinPhone\SDL\ARM\Debug\CL.write.1.tlog
D:\Projects\UVEngine\SDL\VisualC-WinPhone\SDL\ARM\Debug\FXC.command.1.tlog
D:\Projects\UVEngine\SDL\VisualC-WinPhone\SDL\ARM\Debug\fxc.read.1.tlog
D:\Projects\UVEngine\SDL\VisualC-WinPhone\SDL\ARM\Debug\fxc.write.1.tlog
D:\Projects\UVEngine\SDL\VisualC-WinPhone\SDL\ARM\Debug\link.command.1.tlog
D:\Projects\UVEngine\SDL\VisualC-WinPhone\SDL\ARM\Debug\link.read.1.tlog
D:\Projects\UVEngine\SDL\VisualC-WinPhone\SDL\ARM\Debug\link.write.1.tlog
D:\Projects\UVEngine\SDL\VisualC-WinPhone\SDL\ARM\Debug\SDL-WinPhone.write.1.tlog
D:\Projects\UVEngine\SDL\VisualC-WinPhone\SDL\ARM\Debug\vc110.pdb
D:\Projects\UVEngine\ARM\Debug\SDL_VS2012-WinPhone\SDL-WinPhone.pdb
D:\Projects\UVEngine\ARM\Debug\SDL_VS2012-WinPhone\SDL-WinPhone.dll
D:\Projects\UVEngine\ARM\Debug\SDL_VS2012-WinPhone\SDL-WinPhone.ilk
