D:\PROJECTS\UVENGINE\SDL_MIXER\VISUALC\ARM\DEBUG\MUSIC_OGG.OBJ
D:\PROJECTS\UVENGINE\SDL_MIXER\VISUALC\ARM\DEBUG\MUSIC_MOD.OBJ
D:\PROJECTS\UVENGINE\SDL_MIXER\VISUALC\ARM\DEBUG\MUSIC_MAD.OBJ
D:\PROJECTS\UVENGINE\SDL_MIXER\VISUALC\ARM\DEBUG\MUSIC_FLAC.OBJ
D:\PROJECTS\UVENGINE\SDL_MIXER\VISUALC\ARM\DEBUG\MUSIC_CMD.OBJ
D:\PROJECTS\UVENGINE\SDL_MIXER\VISUALC\ARM\DEBUG\MUSIC.OBJ
D:\PROJECTS\UVENGINE\SDL_MIXER\VISUALC\ARM\DEBUG\MIXER.OBJ
D:\PROJECTS\UVENGINE\SDL_MIXER\VISUALC\ARM\DEBUG\LOAD_VOC.OBJ
D:\PROJECTS\UVENGINE\SDL_MIXER\VISUALC\ARM\DEBUG\LOAD_OGG.OBJ
D:\PROJECTS\UVENGINE\SDL_MIXER\VISUALC\ARM\DEBUG\LOAD_FLAC.OBJ
D:\PROJECTS\UVENGINE\SDL_MIXER\VISUALC\ARM\DEBUG\LOAD_AIFF.OBJ
D:\PROJECTS\UVENGINE\SDL_MIXER\VISUALC\ARM\DEBUG\FLUIDSYNTH.OBJ
D:\PROJECTS\UVENGINE\SDL_MIXER\VISUALC\ARM\DEBUG\EFFECTS_INTERNAL.OBJ
D:\PROJECTS\UVENGINE\SDL_MIXER\VISUALC\ARM\DEBUG\EFFECT_STEREOREVERSE.OBJ
D:\PROJECTS\UVENGINE\SDL_MIXER\VISUALC\ARM\DEBUG\EFFECT_POSITION.OBJ
D:\PROJECTS\UVENGINE\SDL_MIXER\VISUALC\ARM\DEBUG\DYNAMIC_OGG.OBJ
D:\PROJECTS\UVENGINE\SDL_MIXER\VISUALC\ARM\DEBUG\DYNAMIC_MP3.OBJ
D:\PROJECTS\UVENGINE\SDL_MIXER\VISUALC\ARM\DEBUG\DYNAMIC_MOD.OBJ
D:\PROJECTS\UVENGINE\SDL_MIXER\VISUALC\ARM\DEBUG\DYNAMIC_FLUIDSYNTH.OBJ
D:\PROJECTS\UVENGINE\SDL_MIXER\VISUALC\ARM\DEBUG\DYNAMIC_FLAC.OBJ
D:\PROJECTS\UVENGINE\SDL_MIXER\VISUALC\ARM\DEBUG\WAVESTREAM.OBJ
D:\PROJECTS\UVENGINE\SDL_MIXER\VISUALC\ARM\DEBUG\VC110.PDB
D:\PROJECTS\UVENGINE\ARM\DEBUG\SDL_MIXER\SDL_MIXER.LIB
D:\Projects\UVEngine\SDL_mixer\VisualC\ARM\Debug\dynamic_flac.obj
D:\Projects\UVEngine\SDL_mixer\VisualC\ARM\Debug\dynamic_fluidsynth.obj
D:\Projects\UVEngine\SDL_mixer\VisualC\ARM\Debug\dynamic_mod.obj
D:\Projects\UVEngine\SDL_mixer\VisualC\ARM\Debug\dynamic_mp3.obj
D:\Projects\UVEngine\SDL_mixer\VisualC\ARM\Debug\dynamic_ogg.obj
D:\Projects\UVEngine\SDL_mixer\VisualC\ARM\Debug\effects_internal.obj
D:\Projects\UVEngine\SDL_mixer\VisualC\ARM\Debug\effect_position.obj
D:\Projects\UVEngine\SDL_mixer\VisualC\ARM\Debug\effect_stereoreverse.obj
D:\Projects\UVEngine\SDL_mixer\VisualC\ARM\Debug\fluidsynth.obj
D:\Projects\UVEngine\SDL_mixer\VisualC\ARM\Debug\load_aiff.obj
D:\Projects\UVEngine\SDL_mixer\VisualC\ARM\Debug\load_flac.obj
D:\Projects\UVEngine\SDL_mixer\VisualC\ARM\Debug\load_ogg.obj
D:\Projects\UVEngine\SDL_mixer\VisualC\ARM\Debug\load_voc.obj
D:\Projects\UVEngine\SDL_mixer\VisualC\ARM\Debug\mixer.obj
D:\Projects\UVEngine\SDL_mixer\VisualC\ARM\Debug\music.obj
D:\Projects\UVEngine\SDL_mixer\VisualC\ARM\Debug\music_cmd.obj
D:\Projects\UVEngine\SDL_mixer\VisualC\ARM\Debug\music_flac.obj
D:\Projects\UVEngine\SDL_mixer\VisualC\ARM\Debug\music_mad.obj
D:\Projects\UVEngine\SDL_mixer\VisualC\ARM\Debug\music_mod.obj
D:\Projects\UVEngine\SDL_mixer\VisualC\ARM\Debug\music_ogg.obj
D:\Projects\UVEngine\SDL_mixer\VisualC\ARM\Debug\wavestream.obj
D:\Projects\UVEngine\SDL_mixer\VisualC\ARM\Debug\cl.command.1.tlog
D:\Projects\UVEngine\SDL_mixer\VisualC\ARM\Debug\CL.read.1.tlog
D:\Projects\UVEngine\SDL_mixer\VisualC\ARM\Debug\CL.write.1.tlog
D:\Projects\UVEngine\SDL_mixer\VisualC\ARM\Debug\Lib-link.read.1.tlog
D:\Projects\UVEngine\SDL_mixer\VisualC\ARM\Debug\Lib-link.write.1.tlog
D:\Projects\UVEngine\SDL_mixer\VisualC\ARM\Debug\lib.command.1.tlog
D:\Projects\UVEngine\ARM\Debug\SDL_mixer\SDL_mixer.lib
