生成启动时间为 2015/8/2 20:28:15。
     1>项目“D:\Projects\UVEngine\libvorbis-1.3.3\win32\VS2010\libvorbis\libvorbis_static.vcxproj”在节点 6 上(Rebuild 个目标)。
     1>ClCompile:
         C:\Program Files (x86)\Microsoft Visual Studio 11.0\VC\WPSDK\WP80\bin\x86_arm\CL.exe /c /I..\..\..\include /I"D:\Projects\UVEngine\libogg-1.3.1\include" /I"..\..\..\..\libogg-1.2.0\include" /I..\..\..\..\ogg\include /I..\..\..\..\..\..\..\core\ogg\libogg\include /Zi /nologo /W4 /WX- /Od /Oy- /D WIN32 /D _DEBUG /D _WINDOWS /D _USRDLL /D LIBVORBIS_EXPORTS /D _VC80_UPGRADE=0x0710 /D _UNICODE /D UNICODE /D WINAPI_FAMILY=WINAPI_FAMILY_PHONE_APP /Gm /EHsc /RTC1 /MDd /GS /fp:precise /Zc:wchar_t /Zc:forScope /Fo"ARM\Debug\\" /Fd"ARM\Debug\vc110.pdb" /Gd /TC /analyze- /errorReport:prompt ..\..\..\lib\analysis.c ..\..\..\lib\bitrate.c ..\..\..\lib\block.c ..\..\..\lib\codebook.c ..\..\..\lib\envelope.c ..\..\..\lib\floor0.c ..\..\..\lib\floor1.c ..\..\..\lib\info.c ..\..\..\lib\lookup.c ..\..\..\lib\lpc.c ..\..\..\lib\lsp.c ..\..\..\lib\mapping0.c ..\..\..\lib\mdct.c ..\..\..\lib\psy.c ..\..\..\lib\registry.c ..\..\..\lib\res0.c ..\..\..\lib\sharedbook.c ..\..\..\lib\smallft.c ..\..\..\lib\synthesis.c ..\..\..\lib\vorbisenc.c ..\..\..\lib\window.c
         window.c
     1>d:\projects\uvengine\libvorbis-1.3.3\lib\os.h(132): warning C4100: “fpu”: 未引用的形参
     1>d:\projects\uvengine\libvorbis-1.3.3\lib\os.h(135): warning C4100: “fpu”: 未引用的形参
         vorbisenc.c
     1>d:\projects\uvengine\libvorbis-1.3.3\lib\os.h(132): warning C4100: “fpu”: 未引用的形参
     1>d:\projects\uvengine\libvorbis-1.3.3\lib\os.h(135): warning C4100: “fpu”: 未引用的形参
     1>d:\projects\uvengine\libvorbis-1.3.3\lib\modes/psych_44.h(27): warning C4244: “初始化”: 从“double”转换到“int”，可能丢失数据
     1>d:\projects\uvengine\libvorbis-1.3.3\lib\modes/psych_44.h(33): warning C4244: “初始化”: 从“double”转换到“int”，可能丢失数据
     1>d:\projects\uvengine\libvorbis-1.3.3\lib\modes/psych_44.h(39): warning C4244: “初始化”: 从“double”转换到“int”，可能丢失数据
     1>d:\projects\uvengine\libvorbis-1.3.3\lib\modes/psych_44.h(45): warning C4244: “初始化”: 从“double”转换到“int”，可能丢失数据
     1>d:\projects\uvengine\libvorbis-1.3.3\lib\modes/psych_44.h(51): warning C4244: “初始化”: 从“double”转换到“int”，可能丢失数据
     1>..\..\..\lib\vorbisenc.c(231): warning C4244: “初始化”: 从“double”转换到“int”，可能丢失数据
     1>..\..\..\lib\vorbisenc.c(248): warning C4244: “=”: 从“double”转换到“float”，可能丢失数据
     1>..\..\..\lib\vorbisenc.c(249): warning C4244: “=”: 从“double”转换到“float”，可能丢失数据
     1>..\..\..\lib\vorbisenc.c(251): warning C4244: “=”: 从“double”转换到“float”，可能丢失数据
     1>..\..\..\lib\vorbisenc.c(258): warning C4244: “初始化”: 从“const double”转换到“float”，可能丢失数据
     1>..\..\..\lib\vorbisenc.c(259): warning C4244: “初始化”: 从“float”转换到“int”，可能丢失数据
     1>..\..\..\lib\vorbisenc.c(271): warning C4244: “初始化”: 从“double”转换到“float”，可能丢失数据
     1>..\..\..\lib\vorbisenc.c(272): warning C4244: “=”: 从“double”转换到“int”，可能丢失数据
     1>..\..\..\lib\vorbisenc.c(273): warning C4244: “=”: 从“double”转换到“int”，可能丢失数据
     1>..\..\..\lib\vorbisenc.c(274): warning C4244: “=”: 从“float”转换到“int”，可能丢失数据
     1>..\..\..\lib\vorbisenc.c(276): warning C4244: “=”: 从“double”转换到“float”，可能丢失数据
     1>..\..\..\lib\vorbisenc.c(277): warning C4244: “=”: 从“double”转换到“int”，可能丢失数据
     1>..\..\..\lib\vorbisenc.c(278): warning C4244: “=”: 从“double”转换到“int”，可能丢失数据
     1>..\..\..\lib\vorbisenc.c(282): warning C4244: “初始化”: 从“double”转换到“float”，可能丢失数据
     1>..\..\..\lib\vorbisenc.c(284): warning C4244: “=”: 从“double”转换到“int”，可能丢失数据
     1>..\..\..\lib\vorbisenc.c(285): warning C4244: “=”: 从“double”转换到“int”，可能丢失数据
     1>..\..\..\lib\vorbisenc.c(286): warning C4244: “=”: 从“float”转换到“int”，可能丢失数据
     1>..\..\..\lib\vorbisenc.c(289): warning C4244: “=”: 从“double”转换到“float”，可能丢失数据
     1>..\..\..\lib\vorbisenc.c(291): warning C4244: “=”: 从“double”转换到“int”，可能丢失数据
     1>..\..\..\lib\vorbisenc.c(292): warning C4244: “=”: 从“double”转换到“int”，可能丢失数据
     1>..\..\..\lib\vorbisenc.c(312): warning C4244: “初始化”: 从“double”转换到“int”，可能丢失数据
     1>..\..\..\lib\vorbisenc.c(338): warning C4244: “初始化”: 从“double”转换到“int”，可能丢失数据
     1>..\..\..\lib\vorbisenc.c(345): warning C4244: “=”: 从“double”转换到“float”，可能丢失数据
     1>..\..\..\lib\vorbisenc.c(346): warning C4244: “=”: 从“double”转换到“float”，可能丢失数据
     1>..\..\..\lib\vorbisenc.c(347): warning C4244: “=”: 从“double”转换到“float”，可能丢失数据
     1>..\..\..\lib\vorbisenc.c(348): warning C4244: “=”: 从“double”转换到“float”，可能丢失数据
     1>..\..\..\lib\vorbisenc.c(349): warning C4244: “=”: 从“double”转换到“float”，可能丢失数据
     1>..\..\..\lib\vorbisenc.c(351): warning C4244: “=”: 从“double”转换到“float”，可能丢失数据
     1>..\..\..\lib\vorbisenc.c(354): warning C4244: “=”: 从“double”转换到“float”，可能丢失数据
     1>..\..\..\lib\vorbisenc.c(362): warning C4244: “初始化”: 从“double”转换到“int”，可能丢失数据
     1>..\..\..\lib\vorbisenc.c(377): warning C4244: “=”: 从“double”转换到“float”，可能丢失数据
     1>..\..\..\lib\vorbisenc.c(383): warning C4244: “初始化”: 从“double”转换到“int”，可能丢失数据
     1>..\..\..\lib\vorbisenc.c(388): warning C4244: “=”: 从“double”转换到“float”，可能丢失数据
     1>..\..\..\lib\vorbisenc.c(398): warning C4244: “初始化”: 从“double”转换到“int”，可能丢失数据
     1>..\..\..\lib\vorbisenc.c(403): warning C4244: “=”: 从“double”转换到“float”，可能丢失数据
     1>..\..\..\lib\vorbisenc.c(410): warning C4244: “=”: 从“double”转换到“float”，可能丢失数据
     1>..\..\..\lib\vorbisenc.c(417): warning C4244: “+=”: 从“double”转换到“float”，可能丢失数据
     1>..\..\..\lib\vorbisenc.c(429): warning C4244: “=”: 从“double”转换到“float”，可能丢失数据
     1>..\..\..\lib\vorbisenc.c(430): warning C4244: “=”: 从“double”转换到“float”，可能丢失数据
     1>..\..\..\lib\vorbisenc.c(447): warning C4244: “初始化”: 从“double”转换到“int”，可能丢失数据
     1>..\..\..\lib\vorbisenc.c(529): warning C4244: “=”: 从“double”转换到“int”，可能丢失数据
     1>..\..\..\lib\vorbisenc.c(593): warning C4244: “初始化”: 从“double”转换到“int”，可能丢失数据
     1>..\..\..\lib\vorbisenc.c(622): warning C4244: “初始化”: 从“double”转换到“int”，可能丢失数据
     1>..\..\..\lib\vorbisenc.c(659): warning C4244: “初始化”: 从“const double”转换到“float”，可能丢失数据
     1>..\..\..\lib\vorbisenc.c(660): warning C4244: “初始化”: 从“const double”转换到“float”，可能丢失数据
     1>..\..\..\lib\vorbisenc.c(661): warning C4244: “初始化”: 从“double”转换到“float”，可能丢失数据
     1>..\..\..\lib\vorbisenc.c(717): warning C4244: “函数”: 从“double”转换到“int”，可能丢失数据
     1>..\..\..\lib\vorbisenc.c(834): warning C4244: “=”: 从“double”转换到“long”，可能丢失数据
     1>..\..\..\lib\vorbisenc.c(840): warning C4244: “=”: 从“double”转换到“long”，可能丢失数据
     1>..\..\..\lib\vorbisenc.c(842): warning C4244: “=”: 从“double”转换到“long”，可能丢失数据
     1>..\..\..\lib\vorbisenc.c(877): warning C4244: “=”: 从“double”转换到“int”，可能丢失数据
     1>..\..\..\lib\vorbisenc.c(909): warning C4305: “+=”: 从“double”到“float”截断
     1>..\..\..\lib\vorbisenc.c(910): warning C4305: “=”: 从“double”到“float”截断
     1>..\..\..\lib\vorbisenc.c(958): warning C4244: “=”: 从“double”转换到“long”，可能丢失数据
     1>..\..\..\lib\vorbisenc.c(960): warning C4244: “=”: 从“double”转换到“long”，可能丢失数据
     1>..\..\..\lib\vorbisenc.c(970): warning C4244: “=”: 从“long”转换到“float”，可能丢失数据
     1>..\..\..\lib\vorbisenc.c(981): warning C4244: “=”: 从“double”转换到“long”，可能丢失数据
     1>..\..\..\lib\vorbisenc.c(1065): warning C4244: “=”: 从“double”转换到“long”，可能丢失数据
     1>..\..\..\lib\vorbisenc.c(1081): warning C4244: “=”: 从“double”转换到“long”，可能丢失数据
     1>..\..\..\lib\vorbisenc.c(1084): warning C4244: “=”: 从“double”转换到“long”，可能丢失数据
         synthesis.c
     1>d:\projects\uvengine\libvorbis-1.3.3\lib\os.h(132): warning C4100: “fpu”: 未引用的形参
     1>d:\projects\uvengine\libvorbis-1.3.3\lib\os.h(135): warning C4100: “fpu”: 未引用的形参
         smallft.c
     1>d:\projects\uvengine\libvorbis-1.3.3\lib\os.h(132): warning C4100: “fpu”: 未引用的形参
     1>d:\projects\uvengine\libvorbis-1.3.3\lib\os.h(135): warning C4100: “fpu”: 未引用的形参
     1>..\..\..\lib\smallft.c(99): warning C4244: “=”: 从“double”转换到“float”，可能丢失数据
     1>..\..\..\lib\smallft.c(100): warning C4244: “=”: 从“double”转换到“float”，可能丢失数据
     1>..\..\..\lib\smallft.c(283): warning C4244: “=”: 从“double”转换到“float”，可能丢失数据
     1>..\..\..\lib\smallft.c(284): warning C4244: “=”: 从“double”转换到“float”，可能丢失数据
     1>..\..\..\lib\smallft.c(853): warning C4244: “=”: 从“double”转换到“float”，可能丢失数据
     1>..\..\..\lib\smallft.c(854): warning C4244: “=”: 从“double”转换到“float”，可能丢失数据
         sharedbook.c
     1>d:\projects\uvengine\libvorbis-1.3.3\lib\os.h(132): warning C4100: “fpu”: 未引用的形参
     1>d:\projects\uvengine\libvorbis-1.3.3\lib\os.h(135): warning C4100: “fpu”: 未引用的形参
     1>..\..\..\lib\sharedbook.c(55): warning C4244: “=”: 从“double”转换到“long”，可能丢失数据
     1>..\..\..\lib\sharedbook.c(56): warning C4244: “=”: 从“double”转换到“long”，可能丢失数据
     1>..\..\..\lib\sharedbook.c(67): warning C4244: “return”: 从“double”转换到“float”，可能丢失数据
     1>..\..\..\lib\sharedbook.c(164): warning C4244: “初始化”: 从“double”转换到“long”，可能丢失数据
     1>..\..\..\lib\sharedbook.c(171): warning C4127: 条件表达式是常量
     1>..\..\..\lib\sharedbook.c(222): warning C4244: “初始化”: 从“long”转换到“float”，可能丢失数据
     1>..\..\..\lib\sharedbook.c(223): warning C4244: “=”: 从“double”转换到“float”，可能丢失数据
     1>..\..\..\lib\sharedbook.c(242): warning C4244: “初始化”: 从“long”转换到“float”，可能丢失数据
     1>..\..\..\lib\sharedbook.c(243): warning C4244: “=”: 从“double”转换到“float”，可能丢失数据
     1>..\..\..\lib\sharedbook.c(375): warning C4244: “=”: 从“long”转换到“char”，可能丢失数据
         res0.c
     1>d:\projects\uvengine\libvorbis-1.3.3\lib\os.h(132): warning C4100: “fpu”: 未引用的形参
     1>d:\projects\uvengine\libvorbis-1.3.3\lib\os.h(135): warning C4100: “fpu”: 未引用的形参
     1>..\..\..\lib\res0.c(394): warning C4100: “acc”: 未引用的形参
     1>..\..\..\lib\res0.c(427): warning C4244: “初始化”: 从“double”转换到“float”，可能丢失数据
     1>..\..\..\lib\res0.c(447): warning C4244: “*=”: 从“float”转换到“int”，可能丢失数据
     1>..\..\..\lib\res0.c(542): warning C4100: “submap”: 未引用的形参
     1>..\..\..\lib\res0.c(537): warning C4100: “vb”: 未引用的形参
         registry.c
     1>d:\projects\uvengine\libvorbis-1.3.3\lib\os.h(132): warning C4100: “fpu”: 未引用的形参
     1>d:\projects\uvengine\libvorbis-1.3.3\lib\os.h(135): warning C4100: “fpu”: 未引用的形参
         psy.c
     1>d:\projects\uvengine\libvorbis-1.3.3\lib\os.h(132): warning C4100: “fpu”: 未引用的形参
     1>d:\projects\uvengine\libvorbis-1.3.3\lib\os.h(135): warning C4100: “fpu”: 未引用的形参
     1>..\..\..\lib\psy.c(137): warning C4244: “函数”: 从“double”转换到“float”，可能丢失数据
     1>..\..\..\lib\psy.c(139): warning C4244: “函数”: 从“double”转换到“float”，可能丢失数据
     1>..\..\..\lib\psy.c(173): warning C4244: “=”: 从“double”转换到“int”，可能丢失数据
     1>..\..\..\lib\psy.c(174): warning C4244: “=”: 从“double”转换到“int”，可能丢失数据
     1>..\..\..\lib\psy.c(175): warning C4244: “=”: 从“double”转换到“int”，可能丢失数据
     1>..\..\..\lib\psy.c(192): warning C4244: “初始化”: 从“double”转换到“int”，可能丢失数据
     1>..\..\..\lib\psy.c(193): warning C4244: “初始化”: 从“double”转换到“int”，可能丢失数据
     1>..\..\..\lib\psy.c(217): warning C4244: “初始化”: 从“double”转换到“int”，可能丢失数据
     1>..\..\..\lib\psy.c(218): warning C4244: “初始化”: 从“double”转换到“int”，可能丢失数据
     1>..\..\..\lib\psy.c(239): warning C4244: “初始化”: 从“double”转换到“int”，可能丢失数据
     1>..\..\..\lib\psy.c(254): warning C4244: “=”: 从“int”转换到“float”，可能丢失数据
     1>..\..\..\lib\psy.c(259): warning C4244: “=”: 从“int”转换到“float”，可能丢失数据
     1>..\..\..\lib\psy.c(274): warning C4244: “=”: 从“double”转换到“long”，可能丢失数据
     1>..\..\..\lib\psy.c(276): warning C4244: “=”: 从“double”转换到“long”，可能丢失数据
     1>..\..\..\lib\psy.c(277): warning C4244: “=”: 从“double”转换到“long”，可能丢失数据
     1>..\..\..\lib\psy.c(290): warning C4305: “=”: 从“double”到“float”截断
     1>..\..\..\lib\psy.c(291): warning C4305: “=”: 从“double”到“float”截断
     1>..\..\..\lib\psy.c(296): warning C4244: “初始化”: 从“double”转换到“int”，可能丢失数据
     1>..\..\..\lib\psy.c(301): warning C4244: “=”: 从“double”转换到“float”，可能丢失数据
     1>..\..\..\lib\psy.c(312): warning C4244: “初始化”: 从“double”转换到“float”，可能丢失数据
     1>..\..\..\lib\psy.c(325): warning C4244: “=”: 从“double”转换到“long”，可能丢失数据
     1>..\..\..\lib\psy.c(327): warning C4244: “函数”: 从“double”转换到“float”，可能丢失数据
     1>..\..\..\lib\psy.c(336): warning C4244: “初始化”: 从“double”转换到“float”，可能丢失数据
     1>..\..\..\lib\psy.c(348): warning C4244: “=”: 从“double”转换到“float”，可能丢失数据
     1>..\..\..\lib\psy.c(402): warning C4244: “=”: 从“const float”转换到“int”，可能丢失数据
     1>..\..\..\lib\psy.c(404): warning C4244: “=”: 从“const float”转换到“int”，可能丢失数据
     1>..\..\..\lib\psy.c(463): warning C4127: 条件表达式是常量
     1>..\..\..\lib\psy.c(571): warning C4244: “=”: 从“double”转换到“float”，可能丢失数据
     1>..\..\..\lib\psy.c(739): warning C4244: “初始化”: 从“double”转换到“int”，可能丢失数据
     1>..\..\..\lib\psy.c(801): warning C4305: “=”: 从“double”到“float”截断
     1>..\..\..\lib\psy.c(807): warning C4244: “=”: 从“double”转换到“float”，可能丢失数据
     1>..\..\..\lib\psy.c(814): warning C4305: “=”: 从“double”到“float”截断
     1>..\..\..\lib\psy.c(818): warning C4244: “=”: 从“double”转换到“float”，可能丢失数据
     1>..\..\..\lib\psy.c(922): warning C4244: “初始化”: 从“double”转换到“float”，可能丢失数据
     1>..\..\..\lib\psy.c(953): warning C4244: “=”: 从“double”转换到“int”，可能丢失数据
     1>..\..\..\lib\psy.c(955): warning C4244: “=”: 从“double”转换到“int”，可能丢失数据
     1>..\..\..\lib\psy.c(976): warning C4244: “=”: 从“double”转换到“int”，可能丢失数据
     1>..\..\..\lib\psy.c(978): warning C4244: “=”: 从“double”转换到“int”，可能丢失数据
     1>..\..\..\lib\psy.c(992): warning C4244: “=”: 从“float”转换到“int”，可能丢失数据
     1>..\..\..\lib\psy.c(1021): warning C4244: “初始化”: 从“const double”转换到“float”，可能丢失数据
     1>..\..\..\lib\psy.c(1022): warning C4244: “初始化”: 从“const double”转换到“float”，可能丢失数据
     1>..\..\..\lib\psy.c(1050): warning C4244: “=”: 从“const double”转换到“float”，可能丢失数据
     1>..\..\..\lib\psy.c(1128): warning C4244: “=”: 从“double”转换到“float”，可能丢失数据
     1>..\..\..\lib\psy.c(1157): warning C4244: “=”: 从“double”转换到“float”，可能丢失数据
     1>..\..\..\lib\psy.c(1176): warning C4244: “=”: 从“double”转换到“float”，可能丢失数据
     1>..\..\..\lib\psy.c(1178): warning C4244: “=”: 从“double”转换到“float”，可能丢失数据
         mdct.c
     1>d:\projects\uvengine\libvorbis-1.3.3\lib\os.h(132): warning C4100: “fpu”: 未引用的形参
     1>d:\projects\uvengine\libvorbis-1.3.3\lib\os.h(135): warning C4100: “fpu”: 未引用的形参
     1>..\..\..\lib\mdct.c(58): warning C4244: “=”: 从“double”转换到“int”，可能丢失数据
     1>..\..\..\lib\mdct.c(66): warning C4244: “=”: 从“double”转换到“float”，可能丢失数据
     1>..\..\..\lib\mdct.c(67): warning C4244: “=”: 从“double”转换到“float”，可能丢失数据
     1>..\..\..\lib\mdct.c(68): warning C4244: “=”: 从“double”转换到“float”，可能丢失数据
     1>..\..\..\lib\mdct.c(69): warning C4244: “=”: 从“double”转换到“float”，可能丢失数据
     1>..\..\..\lib\mdct.c(72): warning C4244: “=”: 从“double”转换到“float”，可能丢失数据
     1>..\..\..\lib\mdct.c(73): warning C4244: “=”: 从“double”转换到“float”，可能丢失数据
         mapping0.c
     1>d:\projects\uvengine\libvorbis-1.3.3\lib\os.h(132): warning C4100: “fpu”: 未引用的形参
     1>d:\projects\uvengine\libvorbis-1.3.3\lib\os.h(135): warning C4100: “fpu”: 未引用的形参
     1>..\..\..\lib\mapping0.c(272): warning C4244: “=”: 从“double”转换到“float”，可能丢失数据
     1>..\..\..\lib\mapping0.c(318): warning C4244: “=”: 从“double”转换到“float”，可能丢失数据
     1>..\..\..\lib\mapping0.c(335): warning C4244: “=”: 从“double”转换到“float”，可能丢失数据
     1>..\..\..\lib\mapping0.c(393): warning C4244: “=”: 从“double”转换到“float”，可能丢失数据
         lsp.c
     1>d:\projects\uvengine\libvorbis-1.3.3\lib\os.h(132): warning C4100: “fpu”: 未引用的形参
     1>d:\projects\uvengine\libvorbis-1.3.3\lib\os.h(135): warning C4100: “fpu”: 未引用的形参
     1>..\..\..\lib\lsp.c(252): warning C4244: “=”: 从“double”转换到“float”，可能丢失数据
     1>..\..\..\lib\lsp.c(259): warning C4244: “初始化”: 从“double”转换到“float”，可能丢失数据
     1>..\..\..\lib\lsp.c(276): warning C4244: “=”: 从“double”转换到“float”，可能丢失数据
     1>..\..\..\lib\lsp.c(320): warning C4127: 条件表达式是常量
     1>..\..\..\lib\lsp.c(352): warning C4244: “=”: 从“double”转换到“float”，可能丢失数据
     1>..\..\..\lib\lsp.c(399): warning C4244: “=”: 从“double”转换到“float”，可能丢失数据
     1>..\..\..\lib\lsp.c(451): warning C4244: “=”: 从“double”转换到“float”，可能丢失数据
     1>..\..\..\lib\lsp.c(454): warning C4244: “=”: 从“double”转换到“float”，可能丢失数据
         lpc.c
     1>d:\projects\uvengine\libvorbis-1.3.3\lib\os.h(132): warning C4100: “fpu”: 未引用的形参
     1>d:\projects\uvengine\libvorbis-1.3.3\lib\os.h(135): warning C4100: “fpu”: 未引用的形参
     1>..\..\..\lib\lpc.c(130): warning C4244: “return”: 从“double”转换到“float”，可能丢失数据
         lookup.c
     1>d:\projects\uvengine\libvorbis-1.3.3\lib\os.h(132): warning C4100: “fpu”: 未引用的形参
     1>d:\projects\uvengine\libvorbis-1.3.3\lib\os.h(135): warning C4100: “fpu”: 未引用的形参
         info.c
     1>d:\projects\uvengine\libvorbis-1.3.3\lib\os.h(132): warning C4100: “fpu”: 未引用的形参
     1>d:\projects\uvengine\libvorbis-1.3.3\lib\os.h(135): warning C4100: “fpu”: 未引用的形参
     1>..\..\..\lib\info.c(57): warning C4244: “=”: 从“long”转换到“char”，可能丢失数据
     1>..\..\..\lib\info.c(72): warning C4996: 'strcpy': This function or variable may be unsafe. Consider using strcpy_s instead. To disable deprecation, use _CRT_SECURE_NO_WARNINGS. See online help for details.
                 C:\Program Files (x86)\Microsoft Visual Studio 11.0\VC\WPSDK\WP80\include\string.h(110) : 参见“strcpy”的声明
     1>..\..\..\lib\info.c(79): warning C4996: 'strcpy': This function or variable may be unsafe. Consider using strcpy_s instead. To disable deprecation, use _CRT_SECURE_NO_WARNINGS. See online help for details.
                 C:\Program Files (x86)\Microsoft Visual Studio 11.0\VC\WPSDK\WP80\include\string.h(110) : 参见“strcpy”的声明
     1>..\..\..\lib\info.c(80): warning C4996: 'strcat': This function or variable may be unsafe. Consider using strcat_s instead. To disable deprecation, use _CRT_SECURE_NO_WARNINGS. See online help for details.
                 C:\Program Files (x86)\Microsoft Visual Studio 11.0\VC\WPSDK\WP80\include\string.h(115) : 参见“strcat”的声明
     1>..\..\..\lib\info.c(81): warning C4996: 'strcat': This function or variable may be unsafe. Consider using strcat_s instead. To disable deprecation, use _CRT_SECURE_NO_WARNINGS. See online help for details.
                 C:\Program Files (x86)\Microsoft Visual Studio 11.0\VC\WPSDK\WP80\include\string.h(115) : 参见“strcat”的声明
     1>..\..\..\lib\info.c(103): warning C4996: 'strcpy': This function or variable may be unsafe. Consider using strcpy_s instead. To disable deprecation, use _CRT_SECURE_NO_WARNINGS. See online help for details.
                 C:\Program Files (x86)\Microsoft Visual Studio 11.0\VC\WPSDK\WP80\include\string.h(110) : 参见“strcpy”的声明
     1>..\..\..\lib\info.c(104): warning C4996: 'strcat': This function or variable may be unsafe. Consider using strcat_s instead. To disable deprecation, use _CRT_SECURE_NO_WARNINGS. See online help for details.
                 C:\Program Files (x86)\Microsoft Visual Studio 11.0\VC\WPSDK\WP80\include\string.h(115) : 参见“strcat”的声明
     1>..\..\..\lib\info.c(122): warning C4996: 'strcpy': This function or variable may be unsafe. Consider using strcpy_s instead. To disable deprecation, use _CRT_SECURE_NO_WARNINGS. See online help for details.
                 C:\Program Files (x86)\Microsoft Visual Studio 11.0\VC\WPSDK\WP80\include\string.h(110) : 参见“strcpy”的声明
     1>..\..\..\lib\info.c(123): warning C4996: 'strcat': This function or variable may be unsafe. Consider using strcat_s instead. To disable deprecation, use _CRT_SECURE_NO_WARNINGS. See online help for details.
                 C:\Program Files (x86)\Microsoft Visual Studio 11.0\VC\WPSDK\WP80\include\string.h(115) : 参见“strcat”的声明
         floor1.c
     1>d:\projects\uvengine\libvorbis-1.3.3\lib\os.h(132): warning C4100: “fpu”: 未引用的形参
     1>d:\projects\uvengine\libvorbis-1.3.3\lib\os.h(135): warning C4100: “fpu”: 未引用的形参
     1>..\..\..\lib\floor1.c(198): warning C4100: “vd”: 未引用的形参
     1>..\..\..\lib\floor1.c(290): warning C4244: “初始化”: 从“const float”转换到“int”，可能丢失数据
     1>..\..\..\lib\floor1.c(514): warning C4244: “=”: 从“double”转换到“int”，可能丢失数据
     1>..\..\..\lib\floor1.c(515): warning C4244: “=”: 从“double”转换到“int”，可能丢失数据
         floor0.c
     1>d:\projects\uvengine\libvorbis-1.3.3\lib\os.h(132): warning C4100: “fpu”: 未引用的形参
     1>d:\projects\uvengine\libvorbis-1.3.3\lib\os.h(135): warning C4100: “fpu”: 未引用的形参
     1>..\..\..\lib\floor0.c(126): warning C4244: “初始化”: 从“double”转换到“float”，可能丢失数据
     1>..\..\..\lib\floor0.c(137): warning C4244: “初始化”: 从“double”转换到“int”，可能丢失数据
     1>..\..\..\lib\floor0.c(146): warning C4100: “vd”: 未引用的形参
         envelope.c
     1>d:\projects\uvengine\libvorbis-1.3.3\lib\os.h(132): warning C4100: “fpu”: 未引用的形参
     1>d:\projects\uvengine\libvorbis-1.3.3\lib\os.h(135): warning C4100: “fpu”: 未引用的形参
     1>..\..\..\lib\envelope.c(48): warning C4244: “=”: 从“double”转换到“float”，可能丢失数据
     1>..\..\..\lib\envelope.c(65): warning C4244: “=”: 从“double”转换到“float”，可能丢失数据
     1>..\..\..\lib\envelope.c(68): warning C4244: “=”: 从“double”转换到“float”，可能丢失数据
     1>..\..\..\lib\envelope.c(127): warning C4244: “初始化”: 从“double”转换到“float”，可能丢失数据
     1>..\..\..\lib\envelope.c(145): warning C4244: “=”: 从“double”转换到“float”，可能丢失数据
         codebook.c
     1>d:\projects\uvengine\libvorbis-1.3.3\lib\os.h(132): warning C4100: “fpu”: 未引用的形参
     1>d:\projects\uvengine\libvorbis-1.3.3\lib\os.h(135): warning C4100: “fpu”: 未引用的形参
     1>..\..\..\lib\codebook.c(453): warning C4101: “j”: 未引用的局部变量
         block.c
     1>d:\projects\uvengine\libvorbis-1.3.3\lib\os.h(132): warning C4100: “fpu”: 未引用的形参
     1>d:\projects\uvengine\libvorbis-1.3.3\lib\os.h(135): warning C4100: “fpu”: 未引用的形参
     1>..\..\..\lib\block.c(863): warning C4244: “初始化”: 从“ogg_int64_t”转换到“long”，可能丢失数据
     1>..\..\..\lib\block.c(901): warning C4244: “初始化”: 从“ogg_int64_t”转换到“long”，可能丢失数据
         bitrate.c
     1>d:\projects\uvengine\libvorbis-1.3.3\lib\os.h(132): warning C4100: “fpu”: 未引用的形参
     1>d:\projects\uvengine\libvorbis-1.3.3\lib\os.h(135): warning C4100: “fpu”: 未引用的形参
     1>..\..\..\lib\bitrate.c(42): warning C4244: “=”: 从“double”转换到“long”，可能丢失数据
     1>..\..\..\lib\bitrate.c(43): warning C4244: “=”: 从“double”转换到“long”，可能丢失数据
     1>..\..\..\lib\bitrate.c(44): warning C4244: “=”: 从“double”转换到“long”，可能丢失数据
     1>..\..\..\lib\bitrate.c(51): warning C4244: “初始化”: 从“double”转换到“long”，可能丢失数据
     1>..\..\..\lib\bitrate.c(83): warning C4244: “初始化”: 从“double”转换到“int”，可能丢失数据
     1>..\..\..\lib\bitrate.c(88): warning C4244: “初始化”: 从“double”转换到“long”，可能丢失数据
     1>..\..\..\lib\bitrate.c(135): warning C4244: “=”: 从“double”转换到“int”，可能丢失数据
         正在生成代码...
         正在编译...
         analysis.c
     1>d:\projects\uvengine\libvorbis-1.3.3\lib\os.h(132): warning C4100: “fpu”: 未引用的形参
     1>d:\projects\uvengine\libvorbis-1.3.3\lib\os.h(135): warning C4100: “fpu”: 未引用的形参
         正在生成代码...
     1>d:\projects\uvengine\libvorbis-1.3.3\lib\analysis.c(47): warning C4706: 条件表达式内的赋值
       Lib:
         C:\Program Files (x86)\Microsoft Visual Studio 11.0\VC\WPSDK\WP80\bin\x86_arm\Lib.exe /OUT:"D:\Projects\UVEngine\ARM\Debug\libvorbis_static.lib" /NOLOGO /MACHINE:ARM ARM\Debug\analysis.obj
         ARM\Debug\bitrate.obj
         ARM\Debug\block.obj
         ARM\Debug\codebook.obj
         ARM\Debug\envelope.obj
         ARM\Debug\floor0.obj
         ARM\Debug\floor1.obj
         ARM\Debug\info.obj
         ARM\Debug\lookup.obj
         ARM\Debug\lpc.obj
         ARM\Debug\lsp.obj
         ARM\Debug\mapping0.obj
         ARM\Debug\mdct.obj
         ARM\Debug\psy.obj
         ARM\Debug\registry.obj
         ARM\Debug\res0.obj
         ARM\Debug\sharedbook.obj
         ARM\Debug\smallft.obj
         ARM\Debug\synthesis.obj
         ARM\Debug\vorbisenc.obj
         ARM\Debug\window.obj
         libvorbis_static.vcxproj -> D:\Projects\UVEngine\ARM\Debug\libvorbis_static.lib
     1>已完成生成项目“D:\Projects\UVEngine\libvorbis-1.3.3\win32\VS2010\libvorbis\libvorbis_static.vcxproj”(Rebuild 个目标)的操作。

已成功生成。

已用时间 00:00:02.67
