D:\PROJECTS\UVENGINE\LIBVORBIS-1.3.3\WIN32\VS2010\LIBVORBIS\ARM\DEBUG\BITRATE.OBJ
D:\PROJECTS\UVENGINE\LIBVORBIS-1.3.3\WIN32\VS2010\LIBVORBIS\ARM\DEBUG\BLOCK.OBJ
D:\PROJECTS\UVENGINE\LIBVORBIS-1.3.3\WIN32\VS2010\LIBVORBIS\ARM\DEBUG\CODEBOOK.OBJ
D:\PROJECTS\UVENGINE\LIBVORBIS-1.3.3\WIN32\VS2010\LIBVORBIS\ARM\DEBUG\ENVELOPE.OBJ
D:\PROJECTS\UVENGINE\LIBVORBIS-1.3.3\WIN32\VS2010\LIBVORBIS\ARM\DEBUG\FLOOR0.OBJ
D:\PROJECTS\UVENGINE\LIBVORBIS-1.3.3\WIN32\VS2010\LIBVORBIS\ARM\DEBUG\FLOOR1.OBJ
D:\PROJECTS\UVENGINE\LIBVORBIS-1.3.3\WIN32\VS2010\LIBVORBIS\ARM\DEBUG\INFO.OBJ
D:\PROJECTS\UVENGINE\LIBVORBIS-1.3.3\WIN32\VS2010\LIBVORBIS\ARM\DEBUG\LOOKUP.OBJ
D:\PROJECTS\UVENGINE\LIBVORBIS-1.3.3\WIN32\VS2010\LIBVORBIS\ARM\DEBUG\LPC.OBJ
D:\PROJECTS\UVENGINE\LIBVORBIS-1.3.3\WIN32\VS2010\LIBVORBIS\ARM\DEBUG\LSP.OBJ
D:\PROJECTS\UVENGINE\LIBVORBIS-1.3.3\WIN32\VS2010\LIBVORBIS\ARM\DEBUG\MAPPING0.OBJ
D:\PROJECTS\UVENGINE\LIBVORBIS-1.3.3\WIN32\VS2010\LIBVORBIS\ARM\DEBUG\MDCT.OBJ
D:\PROJECTS\UVENGINE\LIBVORBIS-1.3.3\WIN32\VS2010\LIBVORBIS\ARM\DEBUG\PSY.OBJ
D:\PROJECTS\UVENGINE\LIBVORBIS-1.3.3\WIN32\VS2010\LIBVORBIS\ARM\DEBUG\REGISTRY.OBJ
D:\PROJECTS\UVENGINE\LIBVORBIS-1.3.3\WIN32\VS2010\LIBVORBIS\ARM\DEBUG\RES0.OBJ
D:\PROJECTS\UVENGINE\LIBVORBIS-1.3.3\WIN32\VS2010\LIBVORBIS\ARM\DEBUG\SHAREDBOOK.OBJ
D:\PROJECTS\UVENGINE\LIBVORBIS-1.3.3\WIN32\VS2010\LIBVORBIS\ARM\DEBUG\SMALLFT.OBJ
D:\PROJECTS\UVENGINE\LIBVORBIS-1.3.3\WIN32\VS2010\LIBVORBIS\ARM\DEBUG\SYNTHESIS.OBJ
D:\PROJECTS\UVENGINE\LIBVORBIS-1.3.3\WIN32\VS2010\LIBVORBIS\ARM\DEBUG\VORBISENC.OBJ
D:\PROJECTS\UVENGINE\LIBVORBIS-1.3.3\WIN32\VS2010\LIBVORBIS\ARM\DEBUG\WINDOW.OBJ
D:\PROJECTS\UVENGINE\LIBVORBIS-1.3.3\WIN32\VS2010\LIBVORBIS\ARM\DEBUG\ANALYSIS.OBJ
D:\PROJECTS\UVENGINE\LIBVORBIS-1.3.3\WIN32\VS2010\LIBVORBIS\ARM\DEBUG\VC110.PDB
D:\PROJECTS\UVENGINE\ARM\DEBUG\LIBVORBIS_STATIC.LIB
D:\Projects\UVEngine\libvorbis-1.3.3\win32\VS2010\libvorbis\ARM\Debug\analysis.obj
D:\Projects\UVEngine\libvorbis-1.3.3\win32\VS2010\libvorbis\ARM\Debug\bitrate.obj
D:\Projects\UVEngine\libvorbis-1.3.3\win32\VS2010\libvorbis\ARM\Debug\block.obj
D:\Projects\UVEngine\libvorbis-1.3.3\win32\VS2010\libvorbis\ARM\Debug\codebook.obj
D:\Projects\UVEngine\libvorbis-1.3.3\win32\VS2010\libvorbis\ARM\Debug\envelope.obj
D:\Projects\UVEngine\libvorbis-1.3.3\win32\VS2010\libvorbis\ARM\Debug\floor0.obj
D:\Projects\UVEngine\libvorbis-1.3.3\win32\VS2010\libvorbis\ARM\Debug\floor1.obj
D:\Projects\UVEngine\libvorbis-1.3.3\win32\VS2010\libvorbis\ARM\Debug\info.obj
D:\Projects\UVEngine\libvorbis-1.3.3\win32\VS2010\libvorbis\ARM\Debug\lookup.obj
D:\Projects\UVEngine\libvorbis-1.3.3\win32\VS2010\libvorbis\ARM\Debug\lpc.obj
D:\Projects\UVEngine\libvorbis-1.3.3\win32\VS2010\libvorbis\ARM\Debug\lsp.obj
D:\Projects\UVEngine\libvorbis-1.3.3\win32\VS2010\libvorbis\ARM\Debug\mapping0.obj
D:\Projects\UVEngine\libvorbis-1.3.3\win32\VS2010\libvorbis\ARM\Debug\mdct.obj
D:\Projects\UVEngine\libvorbis-1.3.3\win32\VS2010\libvorbis\ARM\Debug\psy.obj
D:\Projects\UVEngine\libvorbis-1.3.3\win32\VS2010\libvorbis\ARM\Debug\registry.obj
D:\Projects\UVEngine\libvorbis-1.3.3\win32\VS2010\libvorbis\ARM\Debug\res0.obj
D:\Projects\UVEngine\libvorbis-1.3.3\win32\VS2010\libvorbis\ARM\Debug\sharedbook.obj
D:\Projects\UVEngine\libvorbis-1.3.3\win32\VS2010\libvorbis\ARM\Debug\smallft.obj
D:\Projects\UVEngine\libvorbis-1.3.3\win32\VS2010\libvorbis\ARM\Debug\synthesis.obj
D:\Projects\UVEngine\libvorbis-1.3.3\win32\VS2010\libvorbis\ARM\Debug\vorbisenc.obj
D:\Projects\UVEngine\libvorbis-1.3.3\win32\VS2010\libvorbis\ARM\Debug\window.obj
D:\Projects\UVEngine\libvorbis-1.3.3\win32\VS2010\libvorbis\ARM\Debug\cl.command.1.tlog
D:\Projects\UVEngine\libvorbis-1.3.3\win32\VS2010\libvorbis\ARM\Debug\CL.read.1.tlog
D:\Projects\UVEngine\libvorbis-1.3.3\win32\VS2010\libvorbis\ARM\Debug\CL.write.1.tlog
D:\Projects\UVEngine\libvorbis-1.3.3\win32\VS2010\libvorbis\ARM\Debug\Lib-link.read.1.tlog
D:\Projects\UVEngine\libvorbis-1.3.3\win32\VS2010\libvorbis\ARM\Debug\Lib-link.write.1.tlog
D:\Projects\UVEngine\libvorbis-1.3.3\win32\VS2010\libvorbis\ARM\Debug\lib.command.1.tlog
D:\Projects\UVEngine\libvorbis-1.3.3\win32\VS2010\libvorbis\ARM\Debug\vc110.idb
D:\Projects\UVEngine\libvorbis-1.3.3\win32\VS2010\libvorbis\ARM\Debug\vc110.pdb
D:\Projects\UVEngine\ARM\Debug\libvorbis_static.lib
