D:\PROJECTS\UVENGINE\LIBJPEG-9\ARM\DEBUG\LIBJPEG-9.PCH
D:\PROJECTS\UVENGINE\LIBJPEG-9\ARM\DEBUG\PCH.OBJ
D:\PROJECTS\UVENGINE\LIBJPEG-9\ARM\DEBUG\VC110.PDB
D:\PROJECTS\UVENGINE\LIBJPEG-9\ARM\DEBUG\DLLMAIN.OBJ
D:\PROJECTS\UVENGINE\LIBJPEG-9\ARM\DEBUG\LIBJPEG-9.OBJ
D:\PROJECTS\UVENGINE\LIBJPEG-9\ARM\DEBUG\JDHUFF.OBJ
D:\PROJECTS\UVENGINE\LIBJPEG-9\ARM\DEBUG\JDINPUT.OBJ
D:\PROJECTS\UVENGINE\LIBJPEG-9\ARM\DEBUG\JDMAINCT.OBJ
D:\PROJECTS\UVENGINE\LIBJPEG-9\ARM\DEBUG\JDMARKER.OBJ
D:\PROJECTS\UVENGINE\LIBJPEG-9\ARM\DEBUG\JDMASTER.OBJ
D:\PROJECTS\UVENGINE\LIBJPEG-9\ARM\DEBUG\JDMERGE.OBJ
D:\PROJECTS\UVENGINE\LIBJPEG-9\ARM\DEBUG\JDPOSTCT.OBJ
D:\PROJECTS\UVENGINE\LIBJPEG-9\ARM\DEBUG\JDSAMPLE.OBJ
D:\PROJECTS\UVENGINE\LIBJPEG-9\ARM\DEBUG\JERROR.OBJ
D:\PROJECTS\UVENGINE\LIBJPEG-9\ARM\DEBUG\JFDCTFLT.OBJ
D:\PROJECTS\UVENGINE\LIBJPEG-9\ARM\DEBUG\JFDCTFST.OBJ
D:\PROJECTS\UVENGINE\LIBJPEG-9\ARM\DEBUG\JFDCTINT.OBJ
D:\PROJECTS\UVENGINE\LIBJPEG-9\ARM\DEBUG\JIDCTFLT.OBJ
D:\PROJECTS\UVENGINE\LIBJPEG-9\ARM\DEBUG\JIDCTFST.OBJ
D:\PROJECTS\UVENGINE\LIBJPEG-9\ARM\DEBUG\JIDCTINT.OBJ
D:\PROJECTS\UVENGINE\LIBJPEG-9\ARM\DEBUG\JMEM-ANDROID.OBJ
D:\PROJECTS\UVENGINE\LIBJPEG-9\ARM\DEBUG\JMEMMGR.OBJ
D:\PROJECTS\UVENGINE\LIBJPEG-9\ARM\DEBUG\JQUANT1.OBJ
D:\PROJECTS\UVENGINE\LIBJPEG-9\ARM\DEBUG\JQUANT2.OBJ
D:\PROJECTS\UVENGINE\LIBJPEG-9\ARM\DEBUG\JUTILS.OBJ
D:\PROJECTS\UVENGINE\LIBJPEG-9\ARM\DEBUG\JCCOLOR.OBJ
D:\PROJECTS\UVENGINE\LIBJPEG-9\ARM\DEBUG\JCDCTMGR.OBJ
D:\PROJECTS\UVENGINE\LIBJPEG-9\ARM\DEBUG\JCHUFF.OBJ
D:\PROJECTS\UVENGINE\LIBJPEG-9\ARM\DEBUG\JCINIT.OBJ
D:\PROJECTS\UVENGINE\LIBJPEG-9\ARM\DEBUG\JCMAINCT.OBJ
D:\PROJECTS\UVENGINE\LIBJPEG-9\ARM\DEBUG\JCMARKER.OBJ
D:\PROJECTS\UVENGINE\LIBJPEG-9\ARM\DEBUG\JCMASTER.OBJ
D:\PROJECTS\UVENGINE\LIBJPEG-9\ARM\DEBUG\JCOMAPI.OBJ
D:\PROJECTS\UVENGINE\LIBJPEG-9\ARM\DEBUG\JCPARAM.OBJ
D:\PROJECTS\UVENGINE\LIBJPEG-9\ARM\DEBUG\JCPREPCT.OBJ
D:\PROJECTS\UVENGINE\LIBJPEG-9\ARM\DEBUG\JCSAMPLE.OBJ
D:\PROJECTS\UVENGINE\LIBJPEG-9\ARM\DEBUG\JCTRANS.OBJ
D:\PROJECTS\UVENGINE\LIBJPEG-9\ARM\DEBUG\JDAPIMIN.OBJ
D:\PROJECTS\UVENGINE\LIBJPEG-9\ARM\DEBUG\JDAPISTD.OBJ
D:\PROJECTS\UVENGINE\LIBJPEG-9\ARM\DEBUG\JDARITH.OBJ
D:\PROJECTS\UVENGINE\LIBJPEG-9\ARM\DEBUG\JDATADST.OBJ
D:\PROJECTS\UVENGINE\LIBJPEG-9\ARM\DEBUG\JDATASRC.OBJ
D:\PROJECTS\UVENGINE\LIBJPEG-9\ARM\DEBUG\JDCOEFCT.OBJ
D:\PROJECTS\UVENGINE\LIBJPEG-9\ARM\DEBUG\JDCOLOR.OBJ
D:\PROJECTS\UVENGINE\LIBJPEG-9\ARM\DEBUG\JDDCTMGR.OBJ
D:\PROJECTS\UVENGINE\LIBJPEG-9\ARM\DEBUG\JARICOM.OBJ
D:\PROJECTS\UVENGINE\LIBJPEG-9\ARM\DEBUG\JCAPIMIN.OBJ
D:\PROJECTS\UVENGINE\LIBJPEG-9\ARM\DEBUG\JCAPISTD.OBJ
D:\PROJECTS\UVENGINE\LIBJPEG-9\ARM\DEBUG\JCARITH.OBJ
D:\PROJECTS\UVENGINE\LIBJPEG-9\ARM\DEBUG\JCCOEFCT.OBJ
D:\PROJECTS\UVENGINE\ARM\DEBUG\LIBJPEG-9\LIBJPEG-9.LIB
D:\Projects\UVEngine\libjpeg-9\ARM\Debug\libjpeg-9.vcxprojResolveAssemblyReference.cache
D:\Projects\UVEngine\libjpeg-9\ARM\Debug\dllmain.obj
D:\Projects\UVEngine\libjpeg-9\ARM\Debug\jaricom.obj
D:\Projects\UVEngine\libjpeg-9\ARM\Debug\jcapimin.obj
D:\Projects\UVEngine\libjpeg-9\ARM\Debug\jcapistd.obj
D:\Projects\UVEngine\libjpeg-9\ARM\Debug\jcarith.obj
D:\Projects\UVEngine\libjpeg-9\ARM\Debug\jccoefct.obj
D:\Projects\UVEngine\libjpeg-9\ARM\Debug\jccolor.obj
D:\Projects\UVEngine\libjpeg-9\ARM\Debug\jcdctmgr.obj
D:\Projects\UVEngine\libjpeg-9\ARM\Debug\jchuff.obj
D:\Projects\UVEngine\libjpeg-9\ARM\Debug\jcinit.obj
D:\Projects\UVEngine\libjpeg-9\ARM\Debug\jcmainct.obj
D:\Projects\UVEngine\libjpeg-9\ARM\Debug\jcmarker.obj
D:\Projects\UVEngine\libjpeg-9\ARM\Debug\jcmaster.obj
D:\Projects\UVEngine\libjpeg-9\ARM\Debug\jcomapi.obj
D:\Projects\UVEngine\libjpeg-9\ARM\Debug\jcparam.obj
D:\Projects\UVEngine\libjpeg-9\ARM\Debug\jcprepct.obj
D:\Projects\UVEngine\libjpeg-9\ARM\Debug\jcsample.obj
D:\Projects\UVEngine\libjpeg-9\ARM\Debug\jctrans.obj
D:\Projects\UVEngine\libjpeg-9\ARM\Debug\jdapimin.obj
D:\Projects\UVEngine\libjpeg-9\ARM\Debug\jdapistd.obj
D:\Projects\UVEngine\libjpeg-9\ARM\Debug\jdarith.obj
D:\Projects\UVEngine\libjpeg-9\ARM\Debug\jdatadst.obj
D:\Projects\UVEngine\libjpeg-9\ARM\Debug\jdatasrc.obj
D:\Projects\UVEngine\libjpeg-9\ARM\Debug\jdcoefct.obj
D:\Projects\UVEngine\libjpeg-9\ARM\Debug\jdcolor.obj
D:\Projects\UVEngine\libjpeg-9\ARM\Debug\jddctmgr.obj
D:\Projects\UVEngine\libjpeg-9\ARM\Debug\jdhuff.obj
D:\Projects\UVEngine\libjpeg-9\ARM\Debug\jdinput.obj
D:\Projects\UVEngine\libjpeg-9\ARM\Debug\jdmainct.obj
D:\Projects\UVEngine\libjpeg-9\ARM\Debug\jdmarker.obj
D:\Projects\UVEngine\libjpeg-9\ARM\Debug\jdmaster.obj
D:\Projects\UVEngine\libjpeg-9\ARM\Debug\jdmerge.obj
D:\Projects\UVEngine\libjpeg-9\ARM\Debug\jdpostct.obj
D:\Projects\UVEngine\libjpeg-9\ARM\Debug\jdsample.obj
D:\Projects\UVEngine\libjpeg-9\ARM\Debug\jerror.obj
D:\Projects\UVEngine\libjpeg-9\ARM\Debug\jfdctflt.obj
D:\Projects\UVEngine\libjpeg-9\ARM\Debug\jfdctfst.obj
D:\Projects\UVEngine\libjpeg-9\ARM\Debug\jfdctint.obj
D:\Projects\UVEngine\libjpeg-9\ARM\Debug\jidctflt.obj
D:\Projects\UVEngine\libjpeg-9\ARM\Debug\jidctfst.obj
D:\Projects\UVEngine\libjpeg-9\ARM\Debug\jidctint.obj
D:\Projects\UVEngine\libjpeg-9\ARM\Debug\jmem-android.obj
D:\Projects\UVEngine\libjpeg-9\ARM\Debug\jmemmgr.obj
D:\Projects\UVEngine\libjpeg-9\ARM\Debug\jquant1.obj
D:\Projects\UVEngine\libjpeg-9\ARM\Debug\jquant2.obj
D:\Projects\UVEngine\libjpeg-9\ARM\Debug\jutils.obj
D:\Projects\UVEngine\libjpeg-9\ARM\Debug\libjpeg-9.obj
D:\Projects\UVEngine\libjpeg-9\ARM\Debug\pch.obj
D:\Projects\UVEngine\libjpeg-9\ARM\Debug\cl.command.1.tlog
D:\Projects\UVEngine\libjpeg-9\ARM\Debug\CL.read.1.tlog
D:\Projects\UVEngine\libjpeg-9\ARM\Debug\CL.write.1.tlog
D:\Projects\UVEngine\libjpeg-9\ARM\Debug\Lib-link.read.1.tlog
D:\Projects\UVEngine\libjpeg-9\ARM\Debug\Lib-link.write.1.tlog
D:\Projects\UVEngine\libjpeg-9\ARM\Debug\lib.command.1.tlog
D:\Projects\UVEngine\libjpeg-9\ARM\Debug\libjpeg-9.pch
D:\Projects\UVEngine\libjpeg-9\ARM\Debug\vc110.idb
D:\Projects\UVEngine\libjpeg-9\ARM\Debug\vc110.pdb
D:\Projects\UVEngine\ARM\Debug\libjpeg-9\libjpeg-9.lib
