D:\PROJECTS\UVENGINE\LUA\ARM\DEBUG\LMEM.OBJ
D:\PROJECTS\UVENGINE\LUA\ARM\DEBUG\LOADLIB.OBJ
D:\PROJECTS\UVENGINE\LUA\ARM\DEBUG\LOBJECT.OBJ
D:\PROJECTS\UVENGINE\LUA\ARM\DEBUG\LOPCODES.OBJ
D:\PROJECTS\UVENGINE\LUA\ARM\DEBUG\LOSLIB.OBJ
D:\PROJECTS\UVENGINE\LUA\ARM\DEBUG\LPARSER.OBJ
D:\PROJECTS\UVENGINE\LUA\ARM\DEBUG\LSTATE.OBJ
D:\PROJECTS\UVENGINE\LUA\ARM\DEBUG\LSTRING.OBJ
D:\PROJECTS\UVENGINE\LUA\ARM\DEBUG\LSTRLIB.OBJ
D:\PROJECTS\UVENGINE\LUA\ARM\DEBUG\LTABLE.OBJ
D:\PROJECTS\UVENGINE\LUA\ARM\DEBUG\LTABLIB.OBJ
D:\PROJECTS\UVENGINE\LUA\ARM\DEBUG\LTM.OBJ
D:\PROJECTS\UVENGINE\LUA\ARM\DEBUG\LUA.OBJ
D:\PROJECTS\UVENGINE\LUA\ARM\DEBUG\LUAC.OBJ
D:\PROJECTS\UVENGINE\LUA\ARM\DEBUG\LUNDUMP.OBJ
D:\PROJECTS\UVENGINE\LUA\ARM\DEBUG\LVM.OBJ
D:\PROJECTS\UVENGINE\LUA\ARM\DEBUG\LZIO.OBJ
D:\PROJECTS\UVENGINE\LUA\ARM\DEBUG\MIN.OBJ
D:\PROJECTS\UVENGINE\LUA\ARM\DEBUG\NOPARSER.OBJ
D:\PROJECTS\UVENGINE\LUA\ARM\DEBUG\PRINT.OBJ
D:\PROJECTS\UVENGINE\LUA\ARM\DEBUG\ALL.OBJ
D:\PROJECTS\UVENGINE\LUA\ARM\DEBUG\LAPI.OBJ
D:\PROJECTS\UVENGINE\LUA\ARM\DEBUG\LAUXLIB.OBJ
D:\PROJECTS\UVENGINE\LUA\ARM\DEBUG\LBASELIB.OBJ
D:\PROJECTS\UVENGINE\LUA\ARM\DEBUG\LCODE.OBJ
D:\PROJECTS\UVENGINE\LUA\ARM\DEBUG\LDBLIB.OBJ
D:\PROJECTS\UVENGINE\LUA\ARM\DEBUG\LDEBUG.OBJ
D:\PROJECTS\UVENGINE\LUA\ARM\DEBUG\LDO.OBJ
D:\PROJECTS\UVENGINE\LUA\ARM\DEBUG\LDUMP.OBJ
D:\PROJECTS\UVENGINE\LUA\ARM\DEBUG\LFUNC.OBJ
D:\PROJECTS\UVENGINE\LUA\ARM\DEBUG\LGC.OBJ
D:\PROJECTS\UVENGINE\LUA\ARM\DEBUG\LINIT.OBJ
D:\PROJECTS\UVENGINE\LUA\ARM\DEBUG\LIOLIB.OBJ
D:\PROJECTS\UVENGINE\LUA\ARM\DEBUG\LLEX.OBJ
D:\PROJECTS\UVENGINE\LUA\ARM\DEBUG\LMATHLIB.OBJ
D:\PROJECTS\UVENGINE\LUA\ARM\DEBUG\VC110.PDB
D:\PROJECTS\UVENGINE\ARM\DEBUG\LUA\LUA.LIB
D:\Projects\UVEngine\lua\ARM\Debug\lua.vcxprojResolveAssemblyReference.cache
D:\Projects\UVEngine\lua\ARM\Debug\all.obj
D:\Projects\UVEngine\lua\ARM\Debug\lapi.obj
D:\Projects\UVEngine\lua\ARM\Debug\lauxlib.obj
D:\Projects\UVEngine\lua\ARM\Debug\lbaselib.obj
D:\Projects\UVEngine\lua\ARM\Debug\lcode.obj
D:\Projects\UVEngine\lua\ARM\Debug\ldblib.obj
D:\Projects\UVEngine\lua\ARM\Debug\ldebug.obj
D:\Projects\UVEngine\lua\ARM\Debug\ldo.obj
D:\Projects\UVEngine\lua\ARM\Debug\ldump.obj
D:\Projects\UVEngine\lua\ARM\Debug\lfunc.obj
D:\Projects\UVEngine\lua\ARM\Debug\lgc.obj
D:\Projects\UVEngine\lua\ARM\Debug\linit.obj
D:\Projects\UVEngine\lua\ARM\Debug\liolib.obj
D:\Projects\UVEngine\lua\ARM\Debug\llex.obj
D:\Projects\UVEngine\lua\ARM\Debug\lmathlib.obj
D:\Projects\UVEngine\lua\ARM\Debug\lmem.obj
D:\Projects\UVEngine\lua\ARM\Debug\loadlib.obj
D:\Projects\UVEngine\lua\ARM\Debug\lobject.obj
D:\Projects\UVEngine\lua\ARM\Debug\lopcodes.obj
D:\Projects\UVEngine\lua\ARM\Debug\loslib.obj
D:\Projects\UVEngine\lua\ARM\Debug\lparser.obj
D:\Projects\UVEngine\lua\ARM\Debug\lstate.obj
D:\Projects\UVEngine\lua\ARM\Debug\lstring.obj
D:\Projects\UVEngine\lua\ARM\Debug\lstrlib.obj
D:\Projects\UVEngine\lua\ARM\Debug\ltable.obj
D:\Projects\UVEngine\lua\ARM\Debug\ltablib.obj
D:\Projects\UVEngine\lua\ARM\Debug\ltm.obj
D:\Projects\UVEngine\lua\ARM\Debug\lua.obj
D:\Projects\UVEngine\lua\ARM\Debug\luac.obj
D:\Projects\UVEngine\lua\ARM\Debug\lundump.obj
D:\Projects\UVEngine\lua\ARM\Debug\lvm.obj
D:\Projects\UVEngine\lua\ARM\Debug\lzio.obj
D:\Projects\UVEngine\lua\ARM\Debug\min.obj
D:\Projects\UVEngine\lua\ARM\Debug\noparser.obj
D:\Projects\UVEngine\lua\ARM\Debug\print.obj
D:\Projects\UVEngine\lua\ARM\Debug\cl.command.1.tlog
D:\Projects\UVEngine\lua\ARM\Debug\CL.read.1.tlog
D:\Projects\UVEngine\lua\ARM\Debug\CL.write.1.tlog
D:\Projects\UVEngine\lua\ARM\Debug\Lib-link.read.1.tlog
D:\Projects\UVEngine\lua\ARM\Debug\Lib-link.write.1.tlog
D:\Projects\UVEngine\lua\ARM\Debug\lib.command.1.tlog
D:\Projects\UVEngine\lua\ARM\Debug\vc110.idb
D:\Projects\UVEngine\lua\ARM\Debug\vc110.pdb
D:\Projects\UVEngine\ARM\Debug\lua\lua.lib
