D:\PROJECTS\UVENGINE\ARM\DEBUG\UVENGINENATIVE\UVENGINENATIVE.BSC
D:\PROJECTS\UVENGINE\UVENGINENATIVE\ARM\DEBUG\UVENGINENATIVE.PCH
D:\PROJECTS\UVENGINE\UVENGINENATIVE\ARM\DEBUG\PCH.SBR
D:\PROJECTS\UVENGINE\UVENGINENATIVE\ARM\DEBUG\PCH.OBJ
D:\PROJECTS\UVENGINE\UVENGINENATIVE\ARM\DEBUG\VC110.PDB
D:\PROJECTS\UVENGINE\UVENGINENATIVE\ARM\DEBUG\CODING2UTF16.SBR
D:\PROJECTS\UVENGINE\UVENGINENATIVE\ARM\DEBUG\CODING2UTF16.OBJ
D:\PROJECTS\UVENGINE\UVENGINENATIVE\ARM\DEBUG\COMPRESS.SBR
D:\PROJECTS\UVENGINE\UVENGINENATIVE\ARM\DEBUG\COMPRESS.OBJ
D:\PROJECTS\UVENGINE\UVENGINENATIVE\ARM\DEBUG\DIRTYRECT.SBR
D:\PROJECTS\UVENGINE\UVENGINENATIVE\ARM\DEBUG\DIRTYRECT.OBJ
D:\PROJECTS\UVENGINE\UVENGINENATIVE\ARM\DEBUG\HUFFMAN.SBR
D:\PROJECTS\UVENGINE\UVENGINENATIVE\ARM\DEBUG\HUFFMAN.OBJ
D:\PROJECTS\UVENGINE\UVENGINENATIVE\ARM\DEBUG\IMAGEMETA.SBR
D:\PROJECTS\UVENGINE\UVENGINENATIVE\ARM\DEBUG\IMAGEMETA.OBJ
D:\PROJECTS\UVENGINE\UVENGINENATIVE\ARM\DEBUG\ITEMLINE.SBR
D:\PROJECTS\UVENGINE\UVENGINENATIVE\ARM\DEBUG\ITEMLINE.OBJ
D:\PROJECTS\UVENGINE\UVENGINENATIVE\ARM\DEBUG\NATIVECALLS.SBR
D:\PROJECTS\UVENGINE\UVENGINENATIVE\ARM\DEBUG\NATIVECALLS.OBJ
D:\PROJECTS\UVENGINE\UVENGINENATIVE\ARM\DEBUG\NSGAMESETTINGS.SBR
D:\PROJECTS\UVENGINE\UVENGINENATIVE\ARM\DEBUG\NSGAMESETTINGS.OBJ
D:\PROJECTS\UVENGINE\UVENGINENATIVE\ARM\DEBUG\ONSCRIPTER_COMMAND.SBR
D:\PROJECTS\UVENGINE\UVENGINENATIVE\ARM\DEBUG\ONSCRIPTER_COMMAND.OBJ
D:\PROJECTS\UVENGINE\UVENGINENATIVE\ARM\DEBUG\ONSCRIPTER_IMAGE.SBR
D:\PROJECTS\UVENGINE\UVENGINENATIVE\ARM\DEBUG\ONSCRIPTER_IMAGE.OBJ
D:\PROJECTS\UVENGINE\UVENGINENATIVE\ARM\DEBUG\ONSCRIPTER_SOUND.SBR
D:\PROJECTS\UVENGINE\UVENGINENATIVE\ARM\DEBUG\ONSCRIPTER_SOUND.OBJ
D:\PROJECTS\UVENGINE\UVENGINENATIVE\ARM\DEBUG\SPEWG.SBR
D:\PROJECTS\UVENGINE\UVENGINENATIVE\ARM\DEBUG\SPEWG.OBJ
D:\PROJECTS\UVENGINE\UVENGINENATIVE\ARM\DEBUG\UVENGINENATIVE.SBR
D:\PROJECTS\UVENGINE\UVENGINENATIVE\ARM\DEBUG\UVENGINENATIVE.OBJ
D:\PROJECTS\UVENGINE\UVENGINENATIVE\ARM\DEBUG\BENCHMEM.SBR
D:\PROJECTS\UVENGINE\UVENGINENATIVE\ARM\DEBUG\BENCHMEM.OBJ
D:\PROJECTS\UVENGINE\UVENGINENATIVE\ARM\DEBUG\OPENFILE.SBR
D:\PROJECTS\UVENGINE\UVENGINENATIVE\ARM\DEBUG\OPENFILE.OBJ
D:\PROJECTS\UVENGINE\UVENGINENATIVE\ARM\DEBUG\RANDTABLE.SBR
D:\PROJECTS\UVENGINE\UVENGINENATIVE\ARM\DEBUG\RANDTABLE.OBJ
D:\PROJECTS\UVENGINE\UVENGINENATIVE\ARM\DEBUG\RESIZE_IMAGE.SBR
D:\PROJECTS\UVENGINE\UVENGINENATIVE\ARM\DEBUG\RESIZE_IMAGE.OBJ
D:\PROJECTS\UVENGINE\UVENGINENATIVE\ARM\DEBUG\SARREADER.SBR
D:\PROJECTS\UVENGINE\UVENGINENATIVE\ARM\DEBUG\SARREADER.OBJ
D:\PROJECTS\UVENGINE\UVENGINENATIVE\ARM\DEBUG\SCRIPTPARSER_COMMAND.SBR
D:\PROJECTS\UVENGINE\UVENGINENATIVE\ARM\DEBUG\SCRIPTPARSER_COMMAND.OBJ
D:\PROJECTS\UVENGINE\UVENGINENATIVE\ARM\DEBUG\BASICGAMEINFO.SBR
D:\PROJECTS\UVENGINE\UVENGINENATIVE\ARM\DEBUG\BASICGAMEINFO.OBJ
D:\PROJECTS\UVENGINE\UVENGINENATIVE\ARM\DEBUG\FONTINFO.SBR
D:\PROJECTS\UVENGINE\UVENGINENATIVE\ARM\DEBUG\FONTINFO.OBJ
D:\PROJECTS\UVENGINE\UVENGINENATIVE\ARM\DEBUG\IEXTERNALSTORAGENATIVE.SBR
D:\PROJECTS\UVENGINE\UVENGINENATIVE\ARM\DEBUG\IEXTERNALSTORAGENATIVE.OBJ
D:\PROJECTS\UVENGINE\UVENGINENATIVE\ARM\DEBUG\INIREAD.SBR
D:\PROJECTS\UVENGINE\UVENGINENATIVE\ARM\DEBUG\INIREAD.OBJ
D:\PROJECTS\UVENGINE\UVENGINENATIVE\ARM\DEBUG\INI_BASE.SBR
D:\PROJECTS\UVENGINE\UVENGINENATIVE\ARM\DEBUG\INI_BASE.OBJ
D:\PROJECTS\UVENGINE\UVENGINENATIVE\ARM\DEBUG\LUAHANDLER.SBR
D:\PROJECTS\UVENGINE\UVENGINENATIVE\ARM\DEBUG\LUAHANDLER.OBJ
D:\PROJECTS\UVENGINE\UVENGINENATIVE\ARM\DEBUG\NSAREADER.SBR
D:\PROJECTS\UVENGINE\UVENGINENATIVE\ARM\DEBUG\NSAREADER.OBJ
D:\PROJECTS\UVENGINE\UVENGINENATIVE\ARM\DEBUG\ONSCRIPTER.SBR
D:\PROJECTS\UVENGINE\UVENGINENATIVE\ARM\DEBUG\ONSCRIPTER.OBJ
D:\PROJECTS\UVENGINE\UVENGINENATIVE\ARM\DEBUG\ONSCRIPTER_EFFECT.SBR
D:\PROJECTS\UVENGINE\UVENGINENATIVE\ARM\DEBUG\ONSCRIPTER_EFFECT.OBJ
D:\PROJECTS\UVENGINE\UVENGINENATIVE\ARM\DEBUG\ONSCRIPTER_FILE.SBR
D:\PROJECTS\UVENGINE\UVENGINENATIVE\ARM\DEBUG\ONSCRIPTER_FILE.OBJ
D:\PROJECTS\UVENGINE\UVENGINENATIVE\ARM\DEBUG\ONSCRIPTER_MAIN.SBR
D:\PROJECTS\UVENGINE\UVENGINENATIVE\ARM\DEBUG\ONSCRIPTER_MAIN.OBJ
D:\PROJECTS\UVENGINE\UVENGINENATIVE\ARM\DEBUG\SCRIPTPARSER.SBR
D:\PROJECTS\UVENGINE\UVENGINENATIVE\ARM\DEBUG\SCRIPTPARSER.OBJ
D:\PROJECTS\UVENGINE\UVENGINENATIVE\ARM\DEBUG\UVEDELEGATE.SBR
D:\PROJECTS\UVENGINE\UVENGINENATIVE\ARM\DEBUG\UVEDELEGATE.OBJ
D:\PROJECTS\UVENGINE\UVENGINENATIVE\ARM\DEBUG\BZLIB.SBR
D:\PROJECTS\UVENGINE\UVENGINENATIVE\ARM\DEBUG\BZLIB.OBJ
D:\PROJECTS\UVENGINE\UVENGINENATIVE\ARM\DEBUG\DIRECT3DBASE.SBR
D:\PROJECTS\UVENGINE\UVENGINENATIVE\ARM\DEBUG\DIRECT3DBASE.OBJ
D:\PROJECTS\UVENGINE\UVENGINENATIVE\ARM\DEBUG\UNZCRASH.SBR
D:\PROJECTS\UVENGINE\UVENGINENATIVE\ARM\DEBUG\UNZCRASH.OBJ
D:\PROJECTS\UVENGINE\UVENGINENATIVE\ARM\DEBUG\UVE_DX.SBR
D:\PROJECTS\UVENGINE\UVENGINENATIVE\ARM\DEBUG\UVE_DX.OBJ
D:\PROJECTS\UVENGINE\UVENGINENATIVE\ARM\DEBUG\BLOCKSORT.SBR
D:\PROJECTS\UVENGINE\UVENGINENATIVE\ARM\DEBUG\BLOCKSORT.OBJ
D:\PROJECTS\UVENGINE\UVENGINENATIVE\ARM\DEBUG\CRCTABLE.SBR
D:\PROJECTS\UVENGINE\UVENGINENATIVE\ARM\DEBUG\CRCTABLE.OBJ
D:\PROJECTS\UVENGINE\UVENGINENATIVE\ARM\DEBUG\DIRECT3DCONTENTPROVIDER.SBR
D:\PROJECTS\UVENGINE\UVENGINENATIVE\ARM\DEBUG\DIRECT3DCONTENTPROVIDER.OBJ
D:\PROJECTS\UVENGINE\UVENGINENATIVE\ARM\DEBUG\BENCHCPU.SBR
D:\PROJECTS\UVENGINE\UVENGINENATIVE\ARM\DEBUG\BENCHCPU.OBJ
D:\PROJECTS\UVENGINE\UVENGINENATIVE\ARM\DEBUG\UVENGINESETTINGS.SBR
D:\PROJECTS\UVENGINE\UVENGINENATIVE\ARM\DEBUG\UVENGINESETTINGS.OBJ
D:\PROJECTS\UVENGINE\UVENGINENATIVE\ARM\DEBUG\ANIMATIONINFO.SBR
D:\PROJECTS\UVENGINE\UVENGINENATIVE\ARM\DEBUG\ANIMATIONINFO.OBJ
D:\PROJECTS\UVENGINE\UVENGINENATIVE\ARM\DEBUG\DIRECTREADER.SBR
D:\PROJECTS\UVENGINE\UVENGINENATIVE\ARM\DEBUG\DIRECTREADER.OBJ
D:\PROJECTS\UVENGINE\UVENGINENATIVE\ARM\DEBUG\GBK2UTF16.SBR
D:\PROJECTS\UVENGINE\UVENGINENATIVE\ARM\DEBUG\GBK2UTF16.OBJ
D:\PROJECTS\UVENGINE\UVENGINENATIVE\ARM\DEBUG\INI.SBR
D:\PROJECTS\UVENGINE\UVENGINENATIVE\ARM\DEBUG\INI.OBJ
D:\PROJECTS\UVENGINE\UVENGINENATIVE\ARM\DEBUG\MANIFESTEX.SBR
D:\PROJECTS\UVENGINE\UVENGINENATIVE\ARM\DEBUG\MANIFESTEX.OBJ
D:\PROJECTS\UVENGINE\UVENGINENATIVE\ARM\DEBUG\ONSCRIPTER_ANIMATION.SBR
D:\PROJECTS\UVENGINE\UVENGINENATIVE\ARM\DEBUG\ONSCRIPTER_ANIMATION.OBJ
D:\PROJECTS\UVENGINE\UVENGINENATIVE\ARM\DEBUG\ONSCRIPTER_EVENT.SBR
D:\PROJECTS\UVENGINE\UVENGINENATIVE\ARM\DEBUG\ONSCRIPTER_EVENT.OBJ
D:\PROJECTS\UVENGINE\UVENGINENATIVE\ARM\DEBUG\ONSCRIPTER_LUT.SBR
D:\PROJECTS\UVENGINE\UVENGINENATIVE\ARM\DEBUG\ONSCRIPTER_LUT.OBJ
D:\PROJECTS\UVENGINE\UVENGINENATIVE\ARM\DEBUG\ONSCRIPTER_TEXT.SBR
D:\PROJECTS\UVENGINE\UVENGINENATIVE\ARM\DEBUG\ONSCRIPTER_TEXT.OBJ
D:\PROJECTS\UVENGINE\UVENGINENATIVE\ARM\DEBUG\SECTION.SBR
D:\PROJECTS\UVENGINE\UVENGINENATIVE\ARM\DEBUG\SECTION.OBJ
D:\PROJECTS\UVENGINE\UVENGINENATIVE\ARM\DEBUG\BZIP2.SBR
D:\PROJECTS\UVENGINE\UVENGINENATIVE\ARM\DEBUG\BZIP2.OBJ
D:\PROJECTS\UVENGINE\UVENGINENATIVE\ARM\DEBUG\DECOMPRESS.SBR
D:\PROJECTS\UVENGINE\UVENGINENATIVE\ARM\DEBUG\DECOMPRESS.OBJ
D:\PROJECTS\UVENGINE\UVENGINENATIVE\ARM\DEBUG\GAMEINFOEX.SBR
D:\PROJECTS\UVENGINE\UVENGINENATIVE\ARM\DEBUG\GAMEINFOEX.OBJ
D:\PROJECTS\UVENGINE\UVENGINENATIVE\ARM\DEBUG\ONSCRIPTERSETTINGS.SBR
D:\PROJECTS\UVENGINE\UVENGINENATIVE\ARM\DEBUG\ONSCRIPTERSETTINGS.OBJ
D:\PROJECTS\UVENGINE\UVENGINENATIVE\ARM\DEBUG\ONSCRIPTER_EFFECT_BREAKUP.SBR
D:\PROJECTS\UVENGINE\UVENGINENATIVE\ARM\DEBUG\ONSCRIPTER_EFFECT_BREAKUP.OBJ
D:\PROJECTS\UVENGINE\UVENGINENATIVE\ARM\DEBUG\ONSCRIPTER_FILE2.SBR
D:\PROJECTS\UVENGINE\UVENGINENATIVE\ARM\DEBUG\ONSCRIPTER_FILE2.OBJ
D:\PROJECTS\UVENGINE\UVENGINENATIVE\ARM\DEBUG\ONSCRIPTER_RMENU.SBR
D:\PROJECTS\UVENGINE\UVENGINENATIVE\ARM\DEBUG\ONSCRIPTER_RMENU.OBJ
D:\PROJECTS\UVENGINE\UVENGINENATIVE\ARM\DEBUG\SCRIPTHANDLER.SBR
D:\PROJECTS\UVENGINE\UVENGINENATIVE\ARM\DEBUG\SCRIPTHANDLER.OBJ
D:\PROJECTS\UVENGINE\UVENGINENATIVE\ARM\DEBUG\SJIS2UTF16.SBR
D:\PROJECTS\UVENGINE\UVENGINENATIVE\ARM\DEBUG\SJIS2UTF16.OBJ
D:\PROJECTS\UVENGINE\UVENGINENATIVE\ARM\DEBUG\XDLRENDERER.SBR
D:\PROJECTS\UVENGINE\UVENGINENATIVE\ARM\DEBUG\XDLRENDERER.OBJ
D:\PROJECTS\UVENGINE\ARM\DEBUG\UVENGINENATIVE\UVENGINENATIVE.ILK
D:\PROJECTS\UVENGINE\ARM\DEBUG\UVENGINENATIVE\UVENGINENATIVE.DLL
D:\PROJECTS\UVENGINE\ARM\DEBUG\UVENGINENATIVE\UVENGINENATIVE.WINMD
D:\PROJECTS\UVENGINE\ARM\DEBUG\UVENGINENATIVE\UVENGINENATIVE.PDB
D:\Projects\UVEngine\ARM\Debug\UVEngineNative\UVEngineNative.lib
D:\Projects\UVEngine\ARM\Debug\UVEngineNative\UVEngineNative.exp
D:\Projects\UVEngine\UVEngineNative\ARM\Debug\UVEngineNative.vcxprojResolveAssemblyReference.cache
D:\Projects\UVEngine\UVEngineNative\ARM\Debug\AnimationInfo.obj
D:\Projects\UVEngine\UVEngineNative\ARM\Debug\BasicGameInfo.obj
D:\Projects\UVEngine\UVEngineNative\ARM\Debug\BenchCPU.obj
D:\Projects\UVEngine\UVEngineNative\ARM\Debug\BenchMem.obj
D:\Projects\UVEngine\UVEngineNative\ARM\Debug\blocksort.obj
D:\Projects\UVEngine\UVEngineNative\ARM\Debug\bzip2.obj
D:\Projects\UVEngine\UVEngineNative\ARM\Debug\bzlib.obj
D:\Projects\UVEngine\UVEngineNative\ARM\Debug\coding2utf16.obj
D:\Projects\UVEngine\UVEngineNative\ARM\Debug\compress.obj
D:\Projects\UVEngine\UVEngineNative\ARM\Debug\crctable.obj
D:\Projects\UVEngine\UVEngineNative\ARM\Debug\decompress.obj
D:\Projects\UVEngine\UVEngineNative\ARM\Debug\Direct3DBase.obj
D:\Projects\UVEngine\UVEngineNative\ARM\Debug\Direct3DContentProvider.obj
D:\Projects\UVEngine\UVEngineNative\ARM\Debug\DirectReader.obj
D:\Projects\UVEngine\UVEngineNative\ARM\Debug\DirtyRect.obj
D:\Projects\UVEngine\UVEngineNative\ARM\Debug\FontInfo.obj
D:\Projects\UVEngine\UVEngineNative\ARM\Debug\GameInfoEx.obj
D:\Projects\UVEngine\UVEngineNative\ARM\Debug\gbk2utf16.obj
D:\Projects\UVEngine\UVEngineNative\ARM\Debug\huffman.obj
D:\Projects\UVEngine\UVEngineNative\ARM\Debug\IExternalStorageNative.obj
D:\Projects\UVEngine\UVEngineNative\ARM\Debug\ImageMeta.obj
D:\Projects\UVEngine\UVEngineNative\ARM\Debug\INI.obj
D:\Projects\UVEngine\UVEngineNative\ARM\Debug\INIRead.obj
D:\Projects\UVEngine\UVEngineNative\ARM\Debug\INI_BASE.obj
D:\Projects\UVEngine\UVEngineNative\ARM\Debug\ItemLine.obj
D:\Projects\UVEngine\UVEngineNative\ARM\Debug\LUAHandler.obj
D:\Projects\UVEngine\UVEngineNative\ARM\Debug\manifestEX.obj
D:\Projects\UVEngine\UVEngineNative\ARM\Debug\NativeCalls.obj
D:\Projects\UVEngine\UVEngineNative\ARM\Debug\NsaReader.obj
D:\Projects\UVEngine\UVEngineNative\ARM\Debug\NSGameSettings.obj
D:\Projects\UVEngine\UVEngineNative\ARM\Debug\ONScripter.obj
D:\Projects\UVEngine\UVEngineNative\ARM\Debug\ONScripterSettings.obj
D:\Projects\UVEngine\UVEngineNative\ARM\Debug\ONScripter_animation.obj
D:\Projects\UVEngine\UVEngineNative\ARM\Debug\ONScripter_command.obj
D:\Projects\UVEngine\UVEngineNative\ARM\Debug\ONScripter_effect.obj
D:\Projects\UVEngine\UVEngineNative\ARM\Debug\ONScripter_effect_breakup.obj
D:\Projects\UVEngine\UVEngineNative\ARM\Debug\ONScripter_event.obj
D:\Projects\UVEngine\UVEngineNative\ARM\Debug\ONScripter_file.obj
D:\Projects\UVEngine\UVEngineNative\ARM\Debug\ONScripter_file2.obj
D:\Projects\UVEngine\UVEngineNative\ARM\Debug\ONScripter_image.obj
D:\Projects\UVEngine\UVEngineNative\ARM\Debug\ONScripter_lut.obj
D:\Projects\UVEngine\UVEngineNative\ARM\Debug\onscripter_main.obj
D:\Projects\UVEngine\UVEngineNative\ARM\Debug\ONScripter_rmenu.obj
D:\Projects\UVEngine\UVEngineNative\ARM\Debug\ONScripter_sound.obj
D:\Projects\UVEngine\UVEngineNative\ARM\Debug\ONScripter_text.obj
D:\Projects\UVEngine\UVEngineNative\ARM\Debug\OpenFile.obj
D:\Projects\UVEngine\UVEngineNative\ARM\Debug\pch.obj
D:\Projects\UVEngine\UVEngineNative\ARM\Debug\randtable.obj
D:\Projects\UVEngine\UVEngineNative\ARM\Debug\resize_image.obj
D:\Projects\UVEngine\UVEngineNative\ARM\Debug\SarReader.obj
D:\Projects\UVEngine\UVEngineNative\ARM\Debug\ScriptHandler.obj
D:\Projects\UVEngine\UVEngineNative\ARM\Debug\ScriptParser.obj
D:\Projects\UVEngine\UVEngineNative\ARM\Debug\ScriptParser_command.obj
D:\Projects\UVEngine\UVEngineNative\ARM\Debug\SECTION.obj
D:\Projects\UVEngine\UVEngineNative\ARM\Debug\sjis2utf16.obj
D:\Projects\UVEngine\UVEngineNative\ARM\Debug\spewG.obj
D:\Projects\UVEngine\UVEngineNative\ARM\Debug\unzcrash.obj
D:\Projects\UVEngine\UVEngineNative\ARM\Debug\UVEDelegate.obj
D:\Projects\UVEngine\UVEngineNative\ARM\Debug\UVEngineNative.obj
D:\Projects\UVEngine\UVEngineNative\ARM\Debug\UVEngineSettings.obj
D:\Projects\UVEngine\UVEngineNative\ARM\Debug\UVE_DX.obj
D:\Projects\UVEngine\UVEngineNative\ARM\Debug\XDLRenderer.obj
D:\Projects\UVEngine\UVEngineNative\ARM\Debug\BscMake.command.1.tlog
D:\Projects\UVEngine\UVEngineNative\ARM\Debug\bscmake.read.1.tlog
D:\Projects\UVEngine\UVEngineNative\ARM\Debug\bscmake.write.1.tlog
D:\Projects\UVEngine\UVEngineNative\ARM\Debug\CL.11180.read.1.tlog
D:\Projects\UVEngine\UVEngineNative\ARM\Debug\CL.11180.write.1.tlog
D:\Projects\UVEngine\UVEngineNative\ARM\Debug\CL.1996.read.1.tlog
D:\Projects\UVEngine\UVEngineNative\ARM\Debug\CL.1996.write.1.tlog
D:\Projects\UVEngine\UVEngineNative\ARM\Debug\CL.2856.read.1.tlog
D:\Projects\UVEngine\UVEngineNative\ARM\Debug\CL.2856.write.1.tlog
D:\Projects\UVEngine\UVEngineNative\ARM\Debug\CL.4664.read.1.tlog
D:\Projects\UVEngine\UVEngineNative\ARM\Debug\CL.4664.write.1.tlog
D:\Projects\UVEngine\UVEngineNative\ARM\Debug\CL.5244.read.1.tlog
D:\Projects\UVEngine\UVEngineNative\ARM\Debug\CL.5244.write.1.tlog
D:\Projects\UVEngine\UVEngineNative\ARM\Debug\CL.6568.read.1.tlog
D:\Projects\UVEngine\UVEngineNative\ARM\Debug\CL.6568.write.1.tlog
D:\Projects\UVEngine\UVEngineNative\ARM\Debug\CL.8900.read.1.tlog
D:\Projects\UVEngine\UVEngineNative\ARM\Debug\CL.8900.write.1.tlog
D:\Projects\UVEngine\UVEngineNative\ARM\Debug\CL.9956.read.1.tlog
D:\Projects\UVEngine\UVEngineNative\ARM\Debug\CL.9956.write.1.tlog
D:\Projects\UVEngine\UVEngineNative\ARM\Debug\cl.command.1.tlog
D:\Projects\UVEngine\UVEngineNative\ARM\Debug\CL.read.1.tlog
D:\Projects\UVEngine\UVEngineNative\ARM\Debug\CL.write.1.tlog
D:\Projects\UVEngine\UVEngineNative\ARM\Debug\link.command.1.tlog
D:\Projects\UVEngine\UVEngineNative\ARM\Debug\link.read.1.tlog
D:\Projects\UVEngine\UVEngineNative\ARM\Debug\link.write.1.tlog
D:\Projects\UVEngine\UVEngineNative\ARM\Debug\UVEngineNative.write.1.tlog
D:\Projects\UVEngine\UVEngineNative\ARM\Debug\UVEngineNative.pch
D:\Projects\UVEngine\UVEngineNative\ARM\Debug\vc110.pdb
D:\Projects\UVEngine\UVEngineNative\ARM\Debug\AnimationInfo.sbr
D:\Projects\UVEngine\UVEngineNative\ARM\Debug\BasicGameInfo.sbr
D:\Projects\UVEngine\UVEngineNative\ARM\Debug\BenchCPU.sbr
D:\Projects\UVEngine\UVEngineNative\ARM\Debug\BenchMem.sbr
D:\Projects\UVEngine\UVEngineNative\ARM\Debug\blocksort.sbr
D:\Projects\UVEngine\UVEngineNative\ARM\Debug\bzip2.sbr
D:\Projects\UVEngine\UVEngineNative\ARM\Debug\bzlib.sbr
D:\Projects\UVEngine\UVEngineNative\ARM\Debug\coding2utf16.sbr
D:\Projects\UVEngine\UVEngineNative\ARM\Debug\compress.sbr
D:\Projects\UVEngine\UVEngineNative\ARM\Debug\crctable.sbr
D:\Projects\UVEngine\UVEngineNative\ARM\Debug\decompress.sbr
D:\Projects\UVEngine\UVEngineNative\ARM\Debug\Direct3DBase.sbr
D:\Projects\UVEngine\UVEngineNative\ARM\Debug\Direct3DContentProvider.sbr
D:\Projects\UVEngine\UVEngineNative\ARM\Debug\DirectReader.sbr
D:\Projects\UVEngine\UVEngineNative\ARM\Debug\DirtyRect.sbr
D:\Projects\UVEngine\UVEngineNative\ARM\Debug\FontInfo.sbr
D:\Projects\UVEngine\UVEngineNative\ARM\Debug\GameInfoEx.sbr
D:\Projects\UVEngine\UVEngineNative\ARM\Debug\gbk2utf16.sbr
D:\Projects\UVEngine\UVEngineNative\ARM\Debug\huffman.sbr
D:\Projects\UVEngine\UVEngineNative\ARM\Debug\IExternalStorageNative.sbr
D:\Projects\UVEngine\UVEngineNative\ARM\Debug\ImageMeta.sbr
D:\Projects\UVEngine\UVEngineNative\ARM\Debug\INI.sbr
D:\Projects\UVEngine\UVEngineNative\ARM\Debug\INIRead.sbr
D:\Projects\UVEngine\UVEngineNative\ARM\Debug\INI_BASE.sbr
D:\Projects\UVEngine\UVEngineNative\ARM\Debug\ItemLine.sbr
D:\Projects\UVEngine\UVEngineNative\ARM\Debug\LUAHandler.sbr
D:\Projects\UVEngine\UVEngineNative\ARM\Debug\manifestEX.sbr
D:\Projects\UVEngine\UVEngineNative\ARM\Debug\NativeCalls.sbr
D:\Projects\UVEngine\UVEngineNative\ARM\Debug\NsaReader.sbr
D:\Projects\UVEngine\UVEngineNative\ARM\Debug\NSGameSettings.sbr
D:\Projects\UVEngine\UVEngineNative\ARM\Debug\ONScripter.sbr
D:\Projects\UVEngine\UVEngineNative\ARM\Debug\ONScripterSettings.sbr
D:\Projects\UVEngine\UVEngineNative\ARM\Debug\ONScripter_animation.sbr
D:\Projects\UVEngine\UVEngineNative\ARM\Debug\ONScripter_command.sbr
D:\Projects\UVEngine\UVEngineNative\ARM\Debug\ONScripter_effect.sbr
D:\Projects\UVEngine\UVEngineNative\ARM\Debug\ONScripter_effect_breakup.sbr
D:\Projects\UVEngine\UVEngineNative\ARM\Debug\ONScripter_event.sbr
D:\Projects\UVEngine\UVEngineNative\ARM\Debug\ONScripter_file.sbr
D:\Projects\UVEngine\UVEngineNative\ARM\Debug\ONScripter_file2.sbr
D:\Projects\UVEngine\UVEngineNative\ARM\Debug\ONScripter_image.sbr
D:\Projects\UVEngine\UVEngineNative\ARM\Debug\ONScripter_lut.sbr
D:\Projects\UVEngine\UVEngineNative\ARM\Debug\onscripter_main.sbr
D:\Projects\UVEngine\UVEngineNative\ARM\Debug\ONScripter_rmenu.sbr
D:\Projects\UVEngine\UVEngineNative\ARM\Debug\ONScripter_sound.sbr
D:\Projects\UVEngine\UVEngineNative\ARM\Debug\ONScripter_text.sbr
D:\Projects\UVEngine\UVEngineNative\ARM\Debug\OpenFile.sbr
D:\Projects\UVEngine\UVEngineNative\ARM\Debug\pch.sbr
D:\Projects\UVEngine\UVEngineNative\ARM\Debug\randtable.sbr
D:\Projects\UVEngine\UVEngineNative\ARM\Debug\resize_image.sbr
D:\Projects\UVEngine\UVEngineNative\ARM\Debug\SarReader.sbr
D:\Projects\UVEngine\UVEngineNative\ARM\Debug\ScriptHandler.sbr
D:\Projects\UVEngine\UVEngineNative\ARM\Debug\ScriptParser.sbr
D:\Projects\UVEngine\UVEngineNative\ARM\Debug\ScriptParser_command.sbr
D:\Projects\UVEngine\UVEngineNative\ARM\Debug\SECTION.sbr
D:\Projects\UVEngine\UVEngineNative\ARM\Debug\sjis2utf16.sbr
D:\Projects\UVEngine\UVEngineNative\ARM\Debug\spewG.sbr
D:\Projects\UVEngine\UVEngineNative\ARM\Debug\unzcrash.sbr
D:\Projects\UVEngine\UVEngineNative\ARM\Debug\UVEDelegate.sbr
D:\Projects\UVEngine\UVEngineNative\ARM\Debug\UVEngineNative.sbr
D:\Projects\UVEngine\UVEngineNative\ARM\Debug\UVEngineSettings.sbr
D:\Projects\UVEngine\UVEngineNative\ARM\Debug\UVE_DX.sbr
D:\Projects\UVEngine\UVEngineNative\ARM\Debug\XDLRenderer.sbr
D:\Projects\UVEngine\ARM\Debug\UVEngineNative\UVEngineNative.pdb
D:\Projects\UVEngine\ARM\Debug\UVEngineNative\UVEngineNative.dll
D:\Projects\UVEngine\ARM\Debug\UVEngineNative\UVEngineNative.bsc
D:\Projects\UVEngine\ARM\Debug\UVEngineNative\UVEngineNative.ilk
