D:\PROJECTS\UVENGINE\SDL_IMAGE\VISUALC\ARM\DEBUG\IMG.OBJ
D:\PROJECTS\UVENGINE\SDL_IMAGE\VISUALC\ARM\DEBUG\IMG_BMP.OBJ
D:\PROJECTS\UVENGINE\SDL_IMAGE\VISUALC\ARM\DEBUG\IMG_GIF.OBJ
D:\PROJECTS\UVENGINE\SDL_IMAGE\VISUALC\ARM\DEBUG\IMG_JPG.OBJ
D:\PROJECTS\UVENGINE\SDL_IMAGE\VISUALC\ARM\DEBUG\IMG_LBM.OBJ
D:\PROJECTS\UVENGINE\SDL_IMAGE\VISUALC\ARM\DEBUG\IMG_PCX.OBJ
D:\PROJECTS\UVENGINE\SDL_IMAGE\VISUALC\ARM\DEBUG\IMG_PNG.OBJ
D:\PROJECTS\UVENGINE\SDL_IMAGE\VISUALC\ARM\DEBUG\IMG_PNM.OBJ
D:\PROJECTS\UVENGINE\SDL_IMAGE\VISUALC\ARM\DEBUG\IMG_TGA.OBJ
D:\PROJECTS\UVENGINE\SDL_IMAGE\VISUALC\ARM\DEBUG\IMG_TIF.OBJ
D:\PROJECTS\UVENGINE\SDL_IMAGE\VISUALC\ARM\DEBUG\IMG_WEBP.OBJ
D:\PROJECTS\UVENGINE\SDL_IMAGE\VISUALC\ARM\DEBUG\IMG_XCF.OBJ
D:\PROJECTS\UVENGINE\SDL_IMAGE\VISUALC\ARM\DEBUG\IMG_XPM.OBJ
D:\PROJECTS\UVENGINE\SDL_IMAGE\VISUALC\ARM\DEBUG\IMG_XV.OBJ
D:\PROJECTS\UVENGINE\SDL_IMAGE\VISUALC\ARM\DEBUG\IMG_XXX.OBJ
D:\PROJECTS\UVENGINE\SDL_IMAGE\VISUALC\ARM\DEBUG\VC110.PDB
D:\PROJECTS\UVENGINE\SDL_IMAGE\VISUALC\ARM\DEBUG\SDL_IMAGE.LIB
D:\Projects\UVEngine\SDL_image\VisualC\ARM\Debug\IMG.obj
D:\Projects\UVEngine\SDL_image\VisualC\ARM\Debug\IMG_bmp.obj
D:\Projects\UVEngine\SDL_image\VisualC\ARM\Debug\IMG_gif.obj
D:\Projects\UVEngine\SDL_image\VisualC\ARM\Debug\IMG_jpg.obj
D:\Projects\UVEngine\SDL_image\VisualC\ARM\Debug\IMG_lbm.obj
D:\Projects\UVEngine\SDL_image\VisualC\ARM\Debug\IMG_pcx.obj
D:\Projects\UVEngine\SDL_image\VisualC\ARM\Debug\IMG_png.obj
D:\Projects\UVEngine\SDL_image\VisualC\ARM\Debug\IMG_pnm.obj
D:\Projects\UVEngine\SDL_image\VisualC\ARM\Debug\IMG_tga.obj
D:\Projects\UVEngine\SDL_image\VisualC\ARM\Debug\IMG_tif.obj
D:\Projects\UVEngine\SDL_image\VisualC\ARM\Debug\IMG_webp.obj
D:\Projects\UVEngine\SDL_image\VisualC\ARM\Debug\IMG_xcf.obj
D:\Projects\UVEngine\SDL_image\VisualC\ARM\Debug\IMG_xpm.obj
D:\Projects\UVEngine\SDL_image\VisualC\ARM\Debug\IMG_xv.obj
D:\Projects\UVEngine\SDL_image\VisualC\ARM\Debug\IMG_xxx.obj
D:\Projects\UVEngine\SDL_image\VisualC\ARM\Debug\cl.command.1.tlog
D:\Projects\UVEngine\SDL_image\VisualC\ARM\Debug\CL.read.1.tlog
D:\Projects\UVEngine\SDL_image\VisualC\ARM\Debug\CL.write.1.tlog
D:\Projects\UVEngine\SDL_image\VisualC\ARM\Debug\Lib-link.read.1.tlog
D:\Projects\UVEngine\SDL_image\VisualC\ARM\Debug\Lib-link.write.1.tlog
D:\Projects\UVEngine\SDL_image\VisualC\ARM\Debug\lib.command.1.tlog
D:\Projects\UVEngine\SDL_image\VisualC\ARM\Debug\vc110.idb
D:\Projects\UVEngine\SDL_image\VisualC\ARM\Debug\vc110.pdb
D:\Projects\UVEngine\SDL_image\VisualC\ARM\Debug\SDL_image.lib
