生成启动时间为 2015/8/2 20:28:15。
     1>项目“D:\Projects\UVEngine\libmad\msvc++\libmad.vcxproj”在节点 9 上(Rebuild 个目标)。
     1>ClCompile:
         C:\Program Files (x86)\Microsoft Visual Studio 11.0\VC\WPSDK\WP80\bin\x86_arm\CL.exe /c /I. /ZI /nologo /W1 /WX- /Od /Oy- /D FPM_64BIT /D _LIB /D HAVE_CONFIG_H /D ASO_ZEROCHECK /D WIN32 /D _DEBUG /D DEBUG /D _VC80_UPGRADE=0x0600 /D _MBCS /D WINAPI_FAMILY=WINAPI_FAMILY_PHONE_APP /Gm /EHsc /RTC1 /MDd /GS /Gy- /fp:precise /Zc:wchar_t /Zc:forScope /Fo".\Debug\\" /Fd".\Debug\vc110.pdb" /Gd /TC /analyze- /errorReport:prompt ..\bit.c ..\decoder.c ..\fixed.c ..\frame.c ..\huffman.c ..\layer12.c ..\layer3.c ..\stream.c ..\synth.c ..\timer.c ..\version.c
     1>cl : 命令行 warning D9038: 此平台上不支持 /ZI；请启用 /Zi
     1>cl : 命令行 warning D9007: “/Gm”需要“/Zi”；选项被忽略
     1>cl : 命令行 warning D9002: 忽略未知选项“/ZI”
         bit.c
         decoder.c
         fixed.c
         frame.c
         huffman.c
         layer12.c
         layer3.c
         stream.c
         synth.c
         timer.c
         version.c
         正在生成代码...
     1>C:\Program Files (x86)\MSBuild\Microsoft.Cpp\v4.0\V110\Microsoft.CppBuild.targets(1299,5): warning MSB8012: TargetPath(D:\Projects\UVEngine\ARM\Debug\libmad\libmad.lib) does not match the Library's OutputFile property value (D:\Projects\UVEngine\libmad\msvc++\Debug\libmad.lib). This may cause your project to build incorrectly. To correct this, please make sure that $(OutDir), $(TargetName) and $(TargetExt) property values match the value specified in %(Lib.OutputFile).
       Lib:
         C:\Program Files (x86)\Microsoft Visual Studio 11.0\VC\WPSDK\WP80\bin\x86_arm\Lib.exe /OUT:".\Debug\libmad.lib" /NOLOGO /MACHINE:ARM .\Debug\bit.obj
         .\Debug\decoder.obj
         .\Debug\fixed.obj
         .\Debug\frame.obj
         .\Debug\huffman.obj
         .\Debug\layer12.obj
         .\Debug\layer3.obj
         .\Debug\stream.obj
         .\Debug\synth.obj
         .\Debug\timer.obj
         .\Debug\version.obj
         libmad.vcxproj -> D:\Projects\UVEngine\ARM\Debug\libmad\libmad.lib
     1>已完成生成项目“D:\Projects\UVEngine\libmad\msvc++\libmad.vcxproj”(Rebuild 个目标)的操作。

已成功生成。

已用时间 00:00:00.67
