生成启动时间为 2015/8/2 20:28:18。
     1>项目“D:\Projects\UVEngine\libvorbis-1.3.3\win32\VS2010\libvorbisfile\libvorbisfile_static.vcxproj”在节点 4 上(Rebuild 个目标)。
     1>ClCompile:
         C:\Program Files (x86)\Microsoft Visual Studio 11.0\VC\WPSDK\WP80\bin\x86_arm\CL.exe /c /I..\..\..\include /I"D:\Projects\UVEngine\libogg-1.3.1\include" /I"..\..\..\..\libogg-1.2.0\include" /I..\..\..\..\ogg\include /I..\..\..\..\..\..\..\core\ogg\libogg\include /ZI /nologo /W3 /WX- /Od /Oy- /D WIN32 /D _DEBUG /D _WINDOWS /D _USRDLL /D LIBVORBISFILE_EXPORTS /D _VC80_UPGRADE=0x0710 /D _UNICODE /D UNICODE /D WINAPI_FAMILY=WINAPI_FAMILY_PHONE_APP /Gm /EHsc /RTC1 /MDd /GS /fp:precise /Zc:wchar_t /Zc:forScope /Fo"ARM\Debug\\" /Fd"ARM\Debug\vc110.pdb" /Gd /TC /analyze- /errorReport:prompt ..\..\..\lib\vorbisfile.c
     1>cl : 命令行 warning D9038: 此平台上不支持 /ZI；请启用 /Zi
     1>cl : 命令行 warning D9007: “/Gm”需要“/Zi”；选项被忽略
     1>cl : 命令行 warning D9002: 忽略未知选项“/ZI”
         vorbisfile.c
     1>..\..\..\lib\vorbisfile.c(259): warning C4244: “函数”: 从“ogg_int64_t”转换到“long”，可能丢失数据
     1>..\..\..\lib\vorbisfile.c(273): warning C4244: “=”: 从“ogg_int64_t”转换到“int”，可能丢失数据
     1>..\..\..\lib\vorbisfile.c(539): warning C4244: “return”: 从“ogg_int64_t”转换到“int”，可能丢失数据
     1>..\..\..\lib\vorbisfile.c(566): warning C4244: “return”: 从“ogg_int64_t”转换到“int”，可能丢失数据
     1>..\..\..\lib\vorbisfile.c(570): warning C4244: “return”: 从“ogg_int64_t”转换到“int”，可能丢失数据
     1>..\..\..\lib\vorbisfile.c(580): warning C4244: “return”: 从“ogg_int64_t”转换到“int”，可能丢失数据
     1>..\..\..\lib\vorbisfile.c(642): warning C4244: “return”: 从“ogg_int64_t”转换到“int”，可能丢失数据
     1>..\..\..\lib\vorbisfile.c(875): warning C4244: “函数”: 从“ogg_int64_t”转换到“long”，可能丢失数据
     1>..\..\..\lib\vorbisfile.c(1013): warning C4996: 'fopen': This function or variable may be unsafe. Consider using fopen_s instead. To disable deprecation, use _CRT_SECURE_NO_WARNINGS. See online help for details.
                 C:\Program Files (x86)\Microsoft Visual Studio 11.0\VC\WPSDK\WP80\include\stdio.h(218) : 参见“fopen”的声明
     1>..\..\..\lib\vorbisfile.c(1115): warning C4244: “=”: 从“double”转换到“float”，可能丢失数据
     1>..\..\..\lib\vorbisfile.c(1116): warning C4244: “return”: 从“double”转换到“long”，可能丢失数据
     1>..\..\..\lib\vorbisfile.c(1120): warning C4244: “return”: 从“double”转换到“long”，可能丢失数据
     1>..\..\..\lib\vorbisfile.c(1148): warning C4244: “=”: 从“double”转换到“long”，可能丢失数据
     1>..\..\..\lib\vorbisfile.c(1676): warning C4244: “=”: 从“ogg_int64_t”转换到“long”，可能丢失数据
     1>..\..\..\lib\vorbisfile.c(1713): warning C4244: “初始化”: 从“double”转换到“ogg_int64_t”，可能丢失数据
     1>..\..\..\lib\vorbisfile.c(1743): warning C4244: “初始化”: 从“double”转换到“ogg_int64_t”，可能丢失数据
     1>..\..\..\lib\vorbisfile.c(2079): warning C4244: “初始化”: 从“double”转换到“float”，可能丢失数据
     1>C:\Program Files (x86)\MSBuild\Microsoft.Cpp\v4.0\V110\Microsoft.CppBuild.targets(1299,5): warning MSB8012: TargetPath(D:\Projects\UVEngine\ARM\Debug\libvorbisfile.lib) does not match the Library's OutputFile property value (D:\Projects\UVEngine\ARM\Debug\libvorbisfile_static.lib). This may cause your project to build incorrectly. To correct this, please make sure that $(OutDir), $(TargetName) and $(TargetExt) property values match the value specified in %(Lib.OutputFile).
     1>C:\Program Files (x86)\MSBuild\Microsoft.Cpp\v4.0\V110\Microsoft.CppBuild.targets(1301,5): warning MSB8012: TargetName(libvorbisfile) does not match the Library's OutputFile property value (libvorbisfile_static). This may cause your project to build incorrectly. To correct this, please make sure that $(OutDir), $(TargetName) and $(TargetExt) property values match the value specified in %(Lib.OutputFile).
       Lib:
         C:\Program Files (x86)\Microsoft Visual Studio 11.0\VC\WPSDK\WP80\bin\x86_arm\Lib.exe /OUT:"D:\Projects\UVEngine\ARM\Debug\libvorbisfile_static.lib" /NOLOGO /MACHINE:ARM ARM\Debug\vorbisfile.obj
         libvorbisfile_static.vcxproj -> D:\Projects\UVEngine\ARM\Debug\libvorbisfile.lib
     1>已完成生成项目“D:\Projects\UVEngine\libvorbis-1.3.3\win32\VS2010\libvorbisfile\libvorbisfile_static.vcxproj”(Rebuild 个目标)的操作。

已成功生成。

已用时间 00:00:00.20
