D:\PROJECTS\UVENGINE\FREETYPE\BUILDS\WIN32\VC2010\ARM\DEBUG\VC110.PDB
D:\PROJECTS\UVENGINE\ARM\DEBUG\FREETYPE\FREETYPE.LIB
D:\Projects\UVEngine\freetype\builds\win32\vc2010\ARM\Debug\autofit.obj
D:\Projects\UVEngine\freetype\builds\win32\vc2010\ARM\Debug\bdf.obj
D:\Projects\UVEngine\freetype\builds\win32\vc2010\ARM\Debug\cff.obj
D:\Projects\UVEngine\freetype\builds\win32\vc2010\ARM\Debug\ftbase.obj
D:\Projects\UVEngine\freetype\builds\win32\vc2010\ARM\Debug\ftbbox.obj
D:\Projects\UVEngine\freetype\builds\win32\vc2010\ARM\Debug\ftbitmap.obj
D:\Projects\UVEngine\freetype\builds\win32\vc2010\ARM\Debug\ftcache.obj
D:\Projects\UVEngine\freetype\builds\win32\vc2010\ARM\Debug\ftdebug.obj
D:\Projects\UVEngine\freetype\builds\win32\vc2010\ARM\Debug\ftfstype.obj
D:\Projects\UVEngine\freetype\builds\win32\vc2010\ARM\Debug\ftgasp.obj
D:\Projects\UVEngine\freetype\builds\win32\vc2010\ARM\Debug\ftglyph.obj
D:\Projects\UVEngine\freetype\builds\win32\vc2010\ARM\Debug\ftgxval.obj
D:\Projects\UVEngine\freetype\builds\win32\vc2010\ARM\Debug\ftgzip.obj
D:\Projects\UVEngine\freetype\builds\win32\vc2010\ARM\Debug\ftinit.obj
D:\Projects\UVEngine\freetype\builds\win32\vc2010\ARM\Debug\ftlcdfil.obj
D:\Projects\UVEngine\freetype\builds\win32\vc2010\ARM\Debug\ftlzw.obj
D:\Projects\UVEngine\freetype\builds\win32\vc2010\ARM\Debug\ftmm.obj
D:\Projects\UVEngine\freetype\builds\win32\vc2010\ARM\Debug\ftotval.obj
D:\Projects\UVEngine\freetype\builds\win32\vc2010\ARM\Debug\ftpatent.obj
D:\Projects\UVEngine\freetype\builds\win32\vc2010\ARM\Debug\ftpfr.obj
D:\Projects\UVEngine\freetype\builds\win32\vc2010\ARM\Debug\ftstroke.obj
D:\Projects\UVEngine\freetype\builds\win32\vc2010\ARM\Debug\ftsynth.obj
D:\Projects\UVEngine\freetype\builds\win32\vc2010\ARM\Debug\ftsystem.obj
D:\Projects\UVEngine\freetype\builds\win32\vc2010\ARM\Debug\fttype1.obj
D:\Projects\UVEngine\freetype\builds\win32\vc2010\ARM\Debug\ftwinfnt.obj
D:\Projects\UVEngine\freetype\builds\win32\vc2010\ARM\Debug\ftxf86.obj
D:\Projects\UVEngine\freetype\builds\win32\vc2010\ARM\Debug\pcf.obj
D:\Projects\UVEngine\freetype\builds\win32\vc2010\ARM\Debug\pfr.obj
D:\Projects\UVEngine\freetype\builds\win32\vc2010\ARM\Debug\psaux.obj
D:\Projects\UVEngine\freetype\builds\win32\vc2010\ARM\Debug\pshinter.obj
D:\Projects\UVEngine\freetype\builds\win32\vc2010\ARM\Debug\psmodule.obj
D:\Projects\UVEngine\freetype\builds\win32\vc2010\ARM\Debug\raster.obj
D:\Projects\UVEngine\freetype\builds\win32\vc2010\ARM\Debug\sfnt.obj
D:\Projects\UVEngine\freetype\builds\win32\vc2010\ARM\Debug\smooth.obj
D:\Projects\UVEngine\freetype\builds\win32\vc2010\ARM\Debug\truetype.obj
D:\Projects\UVEngine\freetype\builds\win32\vc2010\ARM\Debug\type1.obj
D:\Projects\UVEngine\freetype\builds\win32\vc2010\ARM\Debug\type1cid.obj
D:\Projects\UVEngine\freetype\builds\win32\vc2010\ARM\Debug\type42.obj
D:\Projects\UVEngine\freetype\builds\win32\vc2010\ARM\Debug\winfnt.obj
D:\Projects\UVEngine\freetype\builds\win32\vc2010\ARM\Debug\CL.10252.read.1.tlog
D:\Projects\UVEngine\freetype\builds\win32\vc2010\ARM\Debug\CL.10252.write.1.tlog
D:\Projects\UVEngine\freetype\builds\win32\vc2010\ARM\Debug\CL.10264.read.1.tlog
D:\Projects\UVEngine\freetype\builds\win32\vc2010\ARM\Debug\CL.10264.write.1.tlog
D:\Projects\UVEngine\freetype\builds\win32\vc2010\ARM\Debug\CL.10276.read.1.tlog
D:\Projects\UVEngine\freetype\builds\win32\vc2010\ARM\Debug\CL.10276.write.1.tlog
D:\Projects\UVEngine\freetype\builds\win32\vc2010\ARM\Debug\CL.1152.read.1.tlog
D:\Projects\UVEngine\freetype\builds\win32\vc2010\ARM\Debug\CL.1152.write.1.tlog
D:\Projects\UVEngine\freetype\builds\win32\vc2010\ARM\Debug\CL.5592.read.1.tlog
D:\Projects\UVEngine\freetype\builds\win32\vc2010\ARM\Debug\CL.5592.write.1.tlog
D:\Projects\UVEngine\freetype\builds\win32\vc2010\ARM\Debug\CL.7576.read.1.tlog
D:\Projects\UVEngine\freetype\builds\win32\vc2010\ARM\Debug\CL.7576.write.1.tlog
D:\Projects\UVEngine\freetype\builds\win32\vc2010\ARM\Debug\CL.8952.read.1.tlog
D:\Projects\UVEngine\freetype\builds\win32\vc2010\ARM\Debug\CL.8952.write.1.tlog
D:\Projects\UVEngine\freetype\builds\win32\vc2010\ARM\Debug\CL.9660.read.1.tlog
D:\Projects\UVEngine\freetype\builds\win32\vc2010\ARM\Debug\CL.9660.write.1.tlog
D:\Projects\UVEngine\freetype\builds\win32\vc2010\ARM\Debug\cl.command.1.tlog
D:\Projects\UVEngine\freetype\builds\win32\vc2010\ARM\Debug\CL.read.1.tlog
D:\Projects\UVEngine\freetype\builds\win32\vc2010\ARM\Debug\cl.write.1.tlog
D:\Projects\UVEngine\freetype\builds\win32\vc2010\ARM\Debug\Lib-link.read.1.tlog
D:\Projects\UVEngine\freetype\builds\win32\vc2010\ARM\Debug\Lib-link.write.1.tlog
D:\Projects\UVEngine\freetype\builds\win32\vc2010\ARM\Debug\lib.command.1.tlog
D:\Projects\UVEngine\freetype\builds\win32\vc2010\ARM\Debug\vc110.pdb
D:\Projects\UVEngine\ARM\Debug\freetype\freetype.lib
