D:\PROJECTS\UVENGINE\SDL_MIXER\VISUALC\TIMIDITY\ARM\DEBUG\TIMIDITY.OBJ
D:\PROJECTS\UVENGINE\SDL_MIXER\VISUALC\TIMIDITY\ARM\DEBUG\TABLES.OBJ
D:\PROJECTS\UVENGINE\SDL_MIXER\VISUALC\TIMIDITY\ARM\DEBUG\SDL_C.OBJ
D:\PROJECTS\UVENGINE\SDL_MIXER\VISUALC\TIMIDITY\ARM\DEBUG\SDL_A.OBJ
D:\PROJECTS\UVENGINE\SDL_MIXER\VISUALC\TIMIDITY\ARM\DEBUG\RESAMPLE.OBJ
D:\PROJECTS\UVENGINE\SDL_MIXER\VISUALC\TIMIDITY\ARM\DEBUG\READMIDI.OBJ
D:\PROJECTS\UVENGINE\SDL_MIXER\VISUALC\TIMIDITY\ARM\DEBUG\PLAYMIDI.OBJ
D:\PROJECTS\UVENGINE\SDL_MIXER\VISUALC\TIMIDITY\ARM\DEBUG\OUTPUT.OBJ
D:\PROJECTS\UVENGINE\SDL_MIXER\VISUALC\TIMIDITY\ARM\DEBUG\MIX.OBJ
D:\PROJECTS\UVENGINE\SDL_MIXER\VISUALC\TIMIDITY\ARM\DEBUG\INSTRUM.OBJ
D:\PROJECTS\UVENGINE\SDL_MIXER\VISUALC\TIMIDITY\ARM\DEBUG\FILTER.OBJ
D:\PROJECTS\UVENGINE\SDL_MIXER\VISUALC\TIMIDITY\ARM\DEBUG\CTRLMODE.OBJ
D:\PROJECTS\UVENGINE\SDL_MIXER\VISUALC\TIMIDITY\ARM\DEBUG\COMMON.OBJ
D:\PROJECTS\UVENGINE\SDL_MIXER\VISUALC\TIMIDITY\ARM\DEBUG\VC110.PDB
D:\PROJECTS\UVENGINE\ARM\DEBUG\TIMIDITY\TIMIDITY.LIB
D:\Projects\UVEngine\SDL_mixer\VisualC\timidity\ARM\Debug\common.obj
D:\Projects\UVEngine\SDL_mixer\VisualC\timidity\ARM\Debug\ctrlmode.obj
D:\Projects\UVEngine\SDL_mixer\VisualC\timidity\ARM\Debug\filter.obj
D:\Projects\UVEngine\SDL_mixer\VisualC\timidity\ARM\Debug\instrum.obj
D:\Projects\UVEngine\SDL_mixer\VisualC\timidity\ARM\Debug\mix.obj
D:\Projects\UVEngine\SDL_mixer\VisualC\timidity\ARM\Debug\output.obj
D:\Projects\UVEngine\SDL_mixer\VisualC\timidity\ARM\Debug\playmidi.obj
D:\Projects\UVEngine\SDL_mixer\VisualC\timidity\ARM\Debug\readmidi.obj
D:\Projects\UVEngine\SDL_mixer\VisualC\timidity\ARM\Debug\resample.obj
D:\Projects\UVEngine\SDL_mixer\VisualC\timidity\ARM\Debug\sdl_a.obj
D:\Projects\UVEngine\SDL_mixer\VisualC\timidity\ARM\Debug\sdl_c.obj
D:\Projects\UVEngine\SDL_mixer\VisualC\timidity\ARM\Debug\tables.obj
D:\Projects\UVEngine\SDL_mixer\VisualC\timidity\ARM\Debug\timidity.obj
D:\Projects\UVEngine\SDL_mixer\VisualC\timidity\ARM\Debug\cl.command.1.tlog
D:\Projects\UVEngine\SDL_mixer\VisualC\timidity\ARM\Debug\CL.read.1.tlog
D:\Projects\UVEngine\SDL_mixer\VisualC\timidity\ARM\Debug\CL.write.1.tlog
D:\Projects\UVEngine\SDL_mixer\VisualC\timidity\ARM\Debug\Lib-link.read.1.tlog
D:\Projects\UVEngine\SDL_mixer\VisualC\timidity\ARM\Debug\Lib-link.write.1.tlog
D:\Projects\UVEngine\SDL_mixer\VisualC\timidity\ARM\Debug\lib.command.1.tlog
D:\Projects\UVEngine\SDL_mixer\VisualC\timidity\ARM\Debug\vc110.pdb
D:\Projects\UVEngine\ARM\Debug\timidity\timidity.lib
